INFO - 2024-06-14 12:42:05 --> Session: Class initialized using 'CodeIgniter\Session\Handlers\FileHandler' driver.
INFO - 2024-06-14 12:42:07 --> Session: Class initialized using 'CodeIgniter\Session\Handlers\FileHandler' driver.
INFO - 2024-06-14 12:42:15 --> Session: Class initialized using 'CodeIgniter\Session\Handlers\FileHandler' driver.
INFO - 2024-06-14 12:42:15 --> Session: Class initialized using 'CodeIgniter\Session\Handlers\FileHandler' driver.
INFO - 2024-06-14 12:42:19 --> Session: Class initialized using 'CodeIgniter\Session\Handlers\FileHandler' driver.
INFO - 2024-06-14 12:42:31 --> Session: Class initialized using 'CodeIgniter\Session\Handlers\FileHandler' driver.
CRITICAL - 2024-06-14 12:42:39 --> syntax error, unexpected token "}", expecting "," or ";"
in APPPATH\Controllers\Cart.php on line 191.
 1 SYSTEMPATH\Autoloader\Autoloader.php(289): CodeIgniter\Autoloader\Autoloader->includeFile('APPPATH\\Controllers\\Cart.php')
 2 SYSTEMPATH\Autoloader\Autoloader.php(267): CodeIgniter\Autoloader\Autoloader->loadInNamespace('App\\Controllers\\Cart')
 3 [internal function]: CodeIgniter\Autoloader\Autoloader->loadClass('App\\Controllers\\Cart')
 4 SYSTEMPATH\CodeIgniter.php(892): class_exists('\\App\\Controllers\\Cart', true)
 5 SYSTEMPATH\CodeIgniter.php(486): CodeIgniter\CodeIgniter->startController()
 6 SYSTEMPATH\CodeIgniter.php(368): CodeIgniter\CodeIgniter->handleRequest(null, Object(Config\Cache), false)
 7 FCPATH\index.php(67): CodeIgniter\CodeIgniter->run()
INFO - 2024-06-14 12:43:16 --> Session: Class initialized using 'CodeIgniter\Session\Handlers\FileHandler' driver.
INFO - 2024-06-14 12:43:20 --> Session: Class initialized using 'CodeIgniter\Session\Handlers\FileHandler' driver.
INFO - 2024-06-14 12:43:20 --> Cart Class Initialized
INFO - 2024-06-14 12:43:20 --> Session: Class initialized using 'CodeIgniter\Session\Handlers\FileHandler' driver.
INFO - 2024-06-14 12:43:25 --> Session: Class initialized using 'CodeIgniter\Session\Handlers\FileHandler' driver.
INFO - 2024-06-14 12:43:25 --> Cart Class Initialized
INFO - 2024-06-14 12:43:28 --> Session: Class initialized using 'CodeIgniter\Session\Handlers\FileHandler' driver.
INFO - 2024-06-14 12:43:28 --> Cart Class Initialized
INFO - 2024-06-14 12:43:43 --> Session: Class initialized using 'CodeIgniter\Session\Handlers\FileHandler' driver.
INFO - 2024-06-14 12:43:43 --> Cart Class Initialized
ERROR - 2024-06-14 12:43:43 --> mysqli_sql_exception: Column 'userID' cannot be null in C:\xampp\htdocs\p_lago_agustin\system\Database\MySQLi\Connection.php:295
Stack trace:
#0 C:\xampp\htdocs\p_lago_agustin\system\Database\MySQLi\Connection.php(295): mysqli->query('INSERT INTO `or...', 0)
#1 C:\xampp\htdocs\p_lago_agustin\system\Database\BaseConnection.php(691): CodeIgniter\Database\MySQLi\Connection->execute('INSERT INTO `or...')
#2 C:\xampp\htdocs\p_lago_agustin\system\Database\BaseConnection.php(605): CodeIgniter\Database\BaseConnection->simpleQuery('INSERT INTO `or...')
#3 C:\xampp\htdocs\p_lago_agustin\system\Database\BaseBuilder.php(2309): CodeIgniter\Database\BaseConnection->query('INSERT INTO `or...', Array, false)
#4 C:\xampp\htdocs\p_lago_agustin\system\Model.php(330): CodeIgniter\Database\BaseBuilder->insert()
#5 C:\xampp\htdocs\p_lago_agustin\system\BaseModel.php(782): CodeIgniter\Model->doInsert(Array)
#6 C:\xampp\htdocs\p_lago_agustin\system\Model.php(730): CodeIgniter\BaseModel->insert(Array, true)
#7 C:\xampp\htdocs\p_lago_agustin\app\Controllers\Cart.php(145): CodeIgniter\Model->insert(Array)
#8 C:\xampp\htdocs\p_lago_agustin\system\CodeIgniter.php(934): App\Controllers\Cart->comprar()
#9 C:\xampp\htdocs\p_lago_agustin\system\CodeIgniter.php(499): CodeIgniter\CodeIgniter->runController(Object(App\Controllers\Cart))
#10 C:\xampp\htdocs\p_lago_agustin\system\CodeIgniter.php(368): CodeIgniter\CodeIgniter->handleRequest(NULL, Object(Config\Cache), false)
#11 C:\xampp\htdocs\p_lago_agustin\index.php(67): CodeIgniter\CodeIgniter->run()
#12 {main}
ERROR - 2024-06-14 12:43:43 --> mysqli_sql_exception: Cannot add or update a child row: a foreign key constraint fails (`bd_lago_agustin`.`order_details`, CONSTRAINT `order_details_ibfk_1` FOREIGN KEY (`orderID`) REFERENCES `order` (`id`)) in C:\xampp\htdocs\p_lago_agustin\system\Database\MySQLi\Connection.php:295
Stack trace:
#0 C:\xampp\htdocs\p_lago_agustin\system\Database\MySQLi\Connection.php(295): mysqli->query('INSERT INTO `or...', 0)
#1 C:\xampp\htdocs\p_lago_agustin\system\Database\BaseConnection.php(691): CodeIgniter\Database\MySQLi\Connection->execute('INSERT INTO `or...')
#2 C:\xampp\htdocs\p_lago_agustin\system\Database\BaseConnection.php(605): CodeIgniter\Database\BaseConnection->simpleQuery('INSERT INTO `or...')
#3 C:\xampp\htdocs\p_lago_agustin\system\Database\BaseBuilder.php(2309): CodeIgniter\Database\BaseConnection->query('INSERT INTO `or...', Array, false)
#4 C:\xampp\htdocs\p_lago_agustin\system\Model.php(330): CodeIgniter\Database\BaseBuilder->insert()
#5 C:\xampp\htdocs\p_lago_agustin\system\BaseModel.php(782): CodeIgniter\Model->doInsert(Array)
#6 C:\xampp\htdocs\p_lago_agustin\system\Model.php(730): CodeIgniter\BaseModel->insert(Array, true)
#7 C:\xampp\htdocs\p_lago_agustin\app\Controllers\Cart.php(157): CodeIgniter\Model->insert(Array)
#8 C:\xampp\htdocs\p_lago_agustin\system\CodeIgniter.php(934): App\Controllers\Cart->comprar()
#9 C:\xampp\htdocs\p_lago_agustin\system\CodeIgniter.php(499): CodeIgniter\CodeIgniter->runController(Object(App\Controllers\Cart))
#10 C:\xampp\htdocs\p_lago_agustin\system\CodeIgniter.php(368): CodeIgniter\CodeIgniter->handleRequest(NULL, Object(Config\Cache), false)
#11 C:\xampp\htdocs\p_lago_agustin\index.php(67): CodeIgniter\CodeIgniter->run()
#12 {main}
INFO - 2024-06-14 12:55:17 --> Session: Class initialized using 'CodeIgniter\Session\Handlers\FileHandler' driver.
INFO - 2024-06-14 12:55:17 --> Cart Class Initialized
INFO - 2024-06-14 12:56:04 --> Session: Class initialized using 'CodeIgniter\Session\Handlers\FileHandler' driver.
INFO - 2024-06-14 12:56:04 --> Cart Class Initialized
INFO - 2024-06-14 12:56:19 --> Session: Class initialized using 'CodeIgniter\Session\Handlers\FileHandler' driver.
INFO - 2024-06-14 12:56:19 --> Cart Class Initialized
ERROR - 2024-06-14 12:56:19 --> mysqli_sql_exception: Column 'userID' cannot be null in C:\xampp\htdocs\p_lago_agustin\system\Database\MySQLi\Connection.php:295
Stack trace:
#0 C:\xampp\htdocs\p_lago_agustin\system\Database\MySQLi\Connection.php(295): mysqli->query('INSERT INTO `or...', 0)
#1 C:\xampp\htdocs\p_lago_agustin\system\Database\BaseConnection.php(691): CodeIgniter\Database\MySQLi\Connection->execute('INSERT INTO `or...')
#2 C:\xampp\htdocs\p_lago_agustin\system\Database\BaseConnection.php(605): CodeIgniter\Database\BaseConnection->simpleQuery('INSERT INTO `or...')
#3 C:\xampp\htdocs\p_lago_agustin\system\Database\BaseBuilder.php(2309): CodeIgniter\Database\BaseConnection->query('INSERT INTO `or...', Array, false)
#4 C:\xampp\htdocs\p_lago_agustin\system\Model.php(330): CodeIgniter\Database\BaseBuilder->insert()
#5 C:\xampp\htdocs\p_lago_agustin\system\BaseModel.php(782): CodeIgniter\Model->doInsert(Array)
#6 C:\xampp\htdocs\p_lago_agustin\system\Model.php(730): CodeIgniter\BaseModel->insert(Array, true)
#7 C:\xampp\htdocs\p_lago_agustin\app\Controllers\Cart.php(145): CodeIgniter\Model->insert(Array)
#8 C:\xampp\htdocs\p_lago_agustin\system\CodeIgniter.php(934): App\Controllers\Cart->comprar()
#9 C:\xampp\htdocs\p_lago_agustin\system\CodeIgniter.php(499): CodeIgniter\CodeIgniter->runController(Object(App\Controllers\Cart))
#10 C:\xampp\htdocs\p_lago_agustin\system\CodeIgniter.php(368): CodeIgniter\CodeIgniter->handleRequest(NULL, Object(Config\Cache), false)
#11 C:\xampp\htdocs\p_lago_agustin\index.php(67): CodeIgniter\CodeIgniter->run()
#12 {main}
ERROR - 2024-06-14 12:56:19 --> mysqli_sql_exception: Cannot add or update a child row: a foreign key constraint fails (`bd_lago_agustin`.`order_details`, CONSTRAINT `order_details_ibfk_1` FOREIGN KEY (`orderID`) REFERENCES `order` (`id`)) in C:\xampp\htdocs\p_lago_agustin\system\Database\MySQLi\Connection.php:295
Stack trace:
#0 C:\xampp\htdocs\p_lago_agustin\system\Database\MySQLi\Connection.php(295): mysqli->query('INSERT INTO `or...', 0)
#1 C:\xampp\htdocs\p_lago_agustin\system\Database\BaseConnection.php(691): CodeIgniter\Database\MySQLi\Connection->execute('INSERT INTO `or...')
#2 C:\xampp\htdocs\p_lago_agustin\system\Database\BaseConnection.php(605): CodeIgniter\Database\BaseConnection->simpleQuery('INSERT INTO `or...')
#3 C:\xampp\htdocs\p_lago_agustin\system\Database\BaseBuilder.php(2309): CodeIgniter\Database\BaseConnection->query('INSERT INTO `or...', Array, false)
#4 C:\xampp\htdocs\p_lago_agustin\system\Model.php(330): CodeIgniter\Database\BaseBuilder->insert()
#5 C:\xampp\htdocs\p_lago_agustin\system\BaseModel.php(782): CodeIgniter\Model->doInsert(Array)
#6 C:\xampp\htdocs\p_lago_agustin\system\Model.php(730): CodeIgniter\BaseModel->insert(Array, true)
#7 C:\xampp\htdocs\p_lago_agustin\app\Controllers\Cart.php(157): CodeIgniter\Model->insert(Array)
#8 C:\xampp\htdocs\p_lago_agustin\system\CodeIgniter.php(934): App\Controllers\Cart->comprar()
#9 C:\xampp\htdocs\p_lago_agustin\system\CodeIgniter.php(499): CodeIgniter\CodeIgniter->runController(Object(App\Controllers\Cart))
#10 C:\xampp\htdocs\p_lago_agustin\system\CodeIgniter.php(368): CodeIgniter\CodeIgniter->handleRequest(NULL, Object(Config\Cache), false)
#11 C:\xampp\htdocs\p_lago_agustin\index.php(67): CodeIgniter\CodeIgniter->run()
#12 {main}
INFO - 2024-06-14 12:56:29 --> Session: Class initialized using 'CodeIgniter\Session\Handlers\FileHandler' driver.
CRITICAL - 2024-06-14 12:56:29 --> syntax error, unexpected token "if", expecting "," or ";"
in APPPATH\Controllers\Cart.php on line 178.
 1 SYSTEMPATH\Autoloader\Autoloader.php(289): CodeIgniter\Autoloader\Autoloader->includeFile('APPPATH\\Controllers\\Cart.php')
 2 SYSTEMPATH\Autoloader\Autoloader.php(267): CodeIgniter\Autoloader\Autoloader->loadInNamespace('App\\Controllers\\Cart')
 3 [internal function]: CodeIgniter\Autoloader\Autoloader->loadClass('App\\Controllers\\Cart')
 4 SYSTEMPATH\CodeIgniter.php(892): class_exists('\\App\\Controllers\\Cart', true)
 5 SYSTEMPATH\CodeIgniter.php(486): CodeIgniter\CodeIgniter->startController()
 6 SYSTEMPATH\CodeIgniter.php(368): CodeIgniter\CodeIgniter->handleRequest(null, Object(Config\Cache), false)
 7 FCPATH\index.php(67): CodeIgniter\CodeIgniter->run()
INFO - 2024-06-14 12:56:30 --> Session: Class initialized using 'CodeIgniter\Session\Handlers\FileHandler' driver.
INFO - 2024-06-14 12:56:35 --> Session: Class initialized using 'CodeIgniter\Session\Handlers\FileHandler' driver.
CRITICAL - 2024-06-14 12:56:35 --> syntax error, unexpected token "if", expecting "," or ";"
in APPPATH\Controllers\Cart.php on line 178.
 1 SYSTEMPATH\Autoloader\Autoloader.php(289): CodeIgniter\Autoloader\Autoloader->includeFile('APPPATH\\Controllers\\Cart.php')
 2 SYSTEMPATH\Autoloader\Autoloader.php(267): CodeIgniter\Autoloader\Autoloader->loadInNamespace('App\\Controllers\\Cart')
 3 [internal function]: CodeIgniter\Autoloader\Autoloader->loadClass('App\\Controllers\\Cart')
 4 SYSTEMPATH\CodeIgniter.php(892): class_exists('\\App\\Controllers\\Cart', true)
 5 SYSTEMPATH\CodeIgniter.php(486): CodeIgniter\CodeIgniter->startController()
 6 SYSTEMPATH\CodeIgniter.php(368): CodeIgniter\CodeIgniter->handleRequest(null, Object(Config\Cache), false)
 7 FCPATH\index.php(67): CodeIgniter\CodeIgniter->run()
INFO - 2024-06-14 12:56:54 --> Session: Class initialized using 'CodeIgniter\Session\Handlers\FileHandler' driver.
INFO - 2024-06-14 12:56:54 --> Cart Class Initialized
INFO - 2024-06-14 12:56:56 --> Session: Class initialized using 'CodeIgniter\Session\Handlers\FileHandler' driver.
INFO - 2024-06-14 12:56:56 --> Cart Class Initialized
INFO - 2024-06-14 12:57:10 --> Session: Class initialized using 'CodeIgniter\Session\Handlers\FileHandler' driver.
INFO - 2024-06-14 12:57:10 --> Cart Class Initialized
ERROR - 2024-06-14 12:57:10 --> mysqli_sql_exception: Column 'userID' cannot be null in C:\xampp\htdocs\p_lago_agustin\system\Database\MySQLi\Connection.php:295
Stack trace:
#0 C:\xampp\htdocs\p_lago_agustin\system\Database\MySQLi\Connection.php(295): mysqli->query('INSERT INTO `or...', 0)
#1 C:\xampp\htdocs\p_lago_agustin\system\Database\BaseConnection.php(691): CodeIgniter\Database\MySQLi\Connection->execute('INSERT INTO `or...')
#2 C:\xampp\htdocs\p_lago_agustin\system\Database\BaseConnection.php(605): CodeIgniter\Database\BaseConnection->simpleQuery('INSERT INTO `or...')
#3 C:\xampp\htdocs\p_lago_agustin\system\Database\BaseBuilder.php(2309): CodeIgniter\Database\BaseConnection->query('INSERT INTO `or...', Array, false)
#4 C:\xampp\htdocs\p_lago_agustin\system\Model.php(330): CodeIgniter\Database\BaseBuilder->insert()
#5 C:\xampp\htdocs\p_lago_agustin\system\BaseModel.php(782): CodeIgniter\Model->doInsert(Array)
#6 C:\xampp\htdocs\p_lago_agustin\system\Model.php(730): CodeIgniter\BaseModel->insert(Array, true)
#7 C:\xampp\htdocs\p_lago_agustin\app\Controllers\Cart.php(144): CodeIgniter\Model->insert(Array)
#8 C:\xampp\htdocs\p_lago_agustin\system\CodeIgniter.php(934): App\Controllers\Cart->comprar()
#9 C:\xampp\htdocs\p_lago_agustin\system\CodeIgniter.php(499): CodeIgniter\CodeIgniter->runController(Object(App\Controllers\Cart))
#10 C:\xampp\htdocs\p_lago_agustin\system\CodeIgniter.php(368): CodeIgniter\CodeIgniter->handleRequest(NULL, Object(Config\Cache), false)
#11 C:\xampp\htdocs\p_lago_agustin\index.php(67): CodeIgniter\CodeIgniter->run()
#12 {main}
ERROR - 2024-06-14 12:57:10 --> mysqli_sql_exception: Cannot add or update a child row: a foreign key constraint fails (`bd_lago_agustin`.`order_details`, CONSTRAINT `order_details_ibfk_1` FOREIGN KEY (`orderID`) REFERENCES `order` (`id`)) in C:\xampp\htdocs\p_lago_agustin\system\Database\MySQLi\Connection.php:295
Stack trace:
#0 C:\xampp\htdocs\p_lago_agustin\system\Database\MySQLi\Connection.php(295): mysqli->query('INSERT INTO `or...', 0)
#1 C:\xampp\htdocs\p_lago_agustin\system\Database\BaseConnection.php(691): CodeIgniter\Database\MySQLi\Connection->execute('INSERT INTO `or...')
#2 C:\xampp\htdocs\p_lago_agustin\system\Database\BaseConnection.php(605): CodeIgniter\Database\BaseConnection->simpleQuery('INSERT INTO `or...')
#3 C:\xampp\htdocs\p_lago_agustin\system\Database\BaseBuilder.php(2309): CodeIgniter\Database\BaseConnection->query('INSERT INTO `or...', Array, false)
#4 C:\xampp\htdocs\p_lago_agustin\system\Model.php(330): CodeIgniter\Database\BaseBuilder->insert()
#5 C:\xampp\htdocs\p_lago_agustin\system\BaseModel.php(782): CodeIgniter\Model->doInsert(Array)
#6 C:\xampp\htdocs\p_lago_agustin\system\Model.php(730): CodeIgniter\BaseModel->insert(Array, true)
#7 C:\xampp\htdocs\p_lago_agustin\app\Controllers\Cart.php(156): CodeIgniter\Model->insert(Array)
#8 C:\xampp\htdocs\p_lago_agustin\system\CodeIgniter.php(934): App\Controllers\Cart->comprar()
#9 C:\xampp\htdocs\p_lago_agustin\system\CodeIgniter.php(499): CodeIgniter\CodeIgniter->runController(Object(App\Controllers\Cart))
#10 C:\xampp\htdocs\p_lago_agustin\system\CodeIgniter.php(368): CodeIgniter\CodeIgniter->handleRequest(NULL, Object(Config\Cache), false)
#11 C:\xampp\htdocs\p_lago_agustin\index.php(67): CodeIgniter\CodeIgniter->run()
#12 {main}
CRITICAL - 2024-06-14 12:57:10 --> Call to undefined method App\Models\Products::getCantidad
in SYSTEMPATH\Model.php on line 842.
 1 APPPATH\Controllers\Cart.php(158): CodeIgniter\Model->__call('getCantidad', [...])
 2 SYSTEMPATH\CodeIgniter.php(934): App\Controllers\Cart->comprar()
 3 SYSTEMPATH\CodeIgniter.php(499): CodeIgniter\CodeIgniter->runController(Object(App\Controllers\Cart))
 4 SYSTEMPATH\CodeIgniter.php(368): CodeIgniter\CodeIgniter->handleRequest(null, Object(Config\Cache), false)
 5 FCPATH\index.php(67): CodeIgniter\CodeIgniter->run()
INFO - 2024-06-14 12:58:32 --> Session: Class initialized using 'CodeIgniter\Session\Handlers\FileHandler' driver.
INFO - 2024-06-14 12:58:32 --> Cart Class Initialized
ERROR - 2024-06-14 12:58:32 --> mysqli_sql_exception: Column 'userID' cannot be null in C:\xampp\htdocs\p_lago_agustin\system\Database\MySQLi\Connection.php:295
Stack trace:
#0 C:\xampp\htdocs\p_lago_agustin\system\Database\MySQLi\Connection.php(295): mysqli->query('INSERT INTO `or...', 0)
#1 C:\xampp\htdocs\p_lago_agustin\system\Database\BaseConnection.php(691): CodeIgniter\Database\MySQLi\Connection->execute('INSERT INTO `or...')
#2 C:\xampp\htdocs\p_lago_agustin\system\Database\BaseConnection.php(605): CodeIgniter\Database\BaseConnection->simpleQuery('INSERT INTO `or...')
#3 C:\xampp\htdocs\p_lago_agustin\system\Database\BaseBuilder.php(2309): CodeIgniter\Database\BaseConnection->query('INSERT INTO `or...', Array, false)
#4 C:\xampp\htdocs\p_lago_agustin\system\Model.php(330): CodeIgniter\Database\BaseBuilder->insert()
#5 C:\xampp\htdocs\p_lago_agustin\system\BaseModel.php(782): CodeIgniter\Model->doInsert(Array)
#6 C:\xampp\htdocs\p_lago_agustin\system\Model.php(730): CodeIgniter\BaseModel->insert(Array, true)
#7 C:\xampp\htdocs\p_lago_agustin\app\Controllers\Cart.php(144): CodeIgniter\Model->insert(Array)
#8 C:\xampp\htdocs\p_lago_agustin\system\CodeIgniter.php(934): App\Controllers\Cart->comprar()
#9 C:\xampp\htdocs\p_lago_agustin\system\CodeIgniter.php(499): CodeIgniter\CodeIgniter->runController(Object(App\Controllers\Cart))
#10 C:\xampp\htdocs\p_lago_agustin\system\CodeIgniter.php(368): CodeIgniter\CodeIgniter->handleRequest(NULL, Object(Config\Cache), false)
#11 C:\xampp\htdocs\p_lago_agustin\index.php(67): CodeIgniter\CodeIgniter->run()
#12 {main}
ERROR - 2024-06-14 12:58:32 --> mysqli_sql_exception: Cannot add or update a child row: a foreign key constraint fails (`bd_lago_agustin`.`order_details`, CONSTRAINT `order_details_ibfk_1` FOREIGN KEY (`orderID`) REFERENCES `order` (`id`)) in C:\xampp\htdocs\p_lago_agustin\system\Database\MySQLi\Connection.php:295
Stack trace:
#0 C:\xampp\htdocs\p_lago_agustin\system\Database\MySQLi\Connection.php(295): mysqli->query('INSERT INTO `or...', 0)
#1 C:\xampp\htdocs\p_lago_agustin\system\Database\BaseConnection.php(691): CodeIgniter\Database\MySQLi\Connection->execute('INSERT INTO `or...')
#2 C:\xampp\htdocs\p_lago_agustin\system\Database\BaseConnection.php(605): CodeIgniter\Database\BaseConnection->simpleQuery('INSERT INTO `or...')
#3 C:\xampp\htdocs\p_lago_agustin\system\Database\BaseBuilder.php(2309): CodeIgniter\Database\BaseConnection->query('INSERT INTO `or...', Array, false)
#4 C:\xampp\htdocs\p_lago_agustin\system\Model.php(330): CodeIgniter\Database\BaseBuilder->insert()
#5 C:\xampp\htdocs\p_lago_agustin\system\BaseModel.php(782): CodeIgniter\Model->doInsert(Array)
#6 C:\xampp\htdocs\p_lago_agustin\system\Model.php(730): CodeIgniter\BaseModel->insert(Array, true)
#7 C:\xampp\htdocs\p_lago_agustin\app\Controllers\Cart.php(156): CodeIgniter\Model->insert(Array)
#8 C:\xampp\htdocs\p_lago_agustin\system\CodeIgniter.php(934): App\Controllers\Cart->comprar()
#9 C:\xampp\htdocs\p_lago_agustin\system\CodeIgniter.php(499): CodeIgniter\CodeIgniter->runController(Object(App\Controllers\Cart))
#10 C:\xampp\htdocs\p_lago_agustin\system\CodeIgniter.php(368): CodeIgniter\CodeIgniter->handleRequest(NULL, Object(Config\Cache), false)
#11 C:\xampp\htdocs\p_lago_agustin\index.php(67): CodeIgniter\CodeIgniter->run()
#12 {main}
CRITICAL - 2024-06-14 12:58:32 --> Undefined array key "cantidad"
in APPPATH\Models\Products.php on line 16.
 1 APPPATH\Models\Products.php(16): CodeIgniter\Debug\Exceptions->errorHandler(2, 'Undefined array key "cantidad"', 'APPPATH\\Models\\Products.php', 16)
 2 APPPATH\Controllers\Cart.php(158): App\Models\Products->getCantidad('1')
 3 SYSTEMPATH\CodeIgniter.php(934): App\Controllers\Cart->comprar()
 4 SYSTEMPATH\CodeIgniter.php(499): CodeIgniter\CodeIgniter->runController(Object(App\Controllers\Cart))
 5 SYSTEMPATH\CodeIgniter.php(368): CodeIgniter\CodeIgniter->handleRequest(null, Object(Config\Cache), false)
 6 FCPATH\index.php(67): CodeIgniter\CodeIgniter->run()
INFO - 2024-06-14 13:01:57 --> Session: Class initialized using 'CodeIgniter\Session\Handlers\FileHandler' driver.
INFO - 2024-06-14 13:01:57 --> Cart Class Initialized
ERROR - 2024-06-14 13:01:57 --> mysqli_sql_exception: Column 'userID' cannot be null in C:\xampp\htdocs\p_lago_agustin\system\Database\MySQLi\Connection.php:295
Stack trace:
#0 C:\xampp\htdocs\p_lago_agustin\system\Database\MySQLi\Connection.php(295): mysqli->query('INSERT INTO `or...', 0)
#1 C:\xampp\htdocs\p_lago_agustin\system\Database\BaseConnection.php(691): CodeIgniter\Database\MySQLi\Connection->execute('INSERT INTO `or...')
#2 C:\xampp\htdocs\p_lago_agustin\system\Database\BaseConnection.php(605): CodeIgniter\Database\BaseConnection->simpleQuery('INSERT INTO `or...')
#3 C:\xampp\htdocs\p_lago_agustin\system\Database\BaseBuilder.php(2309): CodeIgniter\Database\BaseConnection->query('INSERT INTO `or...', Array, false)
#4 C:\xampp\htdocs\p_lago_agustin\system\Model.php(330): CodeIgniter\Database\BaseBuilder->insert()
#5 C:\xampp\htdocs\p_lago_agustin\system\BaseModel.php(782): CodeIgniter\Model->doInsert(Array)
#6 C:\xampp\htdocs\p_lago_agustin\system\Model.php(730): CodeIgniter\BaseModel->insert(Array, true)
#7 C:\xampp\htdocs\p_lago_agustin\app\Controllers\Cart.php(144): CodeIgniter\Model->insert(Array)
#8 C:\xampp\htdocs\p_lago_agustin\system\CodeIgniter.php(934): App\Controllers\Cart->comprar()
#9 C:\xampp\htdocs\p_lago_agustin\system\CodeIgniter.php(499): CodeIgniter\CodeIgniter->runController(Object(App\Controllers\Cart))
#10 C:\xampp\htdocs\p_lago_agustin\system\CodeIgniter.php(368): CodeIgniter\CodeIgniter->handleRequest(NULL, Object(Config\Cache), false)
#11 C:\xampp\htdocs\p_lago_agustin\index.php(67): CodeIgniter\CodeIgniter->run()
#12 {main}
ERROR - 2024-06-14 13:01:57 --> mysqli_sql_exception: Cannot add or update a child row: a foreign key constraint fails (`bd_lago_agustin`.`order_details`, CONSTRAINT `order_details_ibfk_1` FOREIGN KEY (`orderID`) REFERENCES `order` (`id`)) in C:\xampp\htdocs\p_lago_agustin\system\Database\MySQLi\Connection.php:295
Stack trace:
#0 C:\xampp\htdocs\p_lago_agustin\system\Database\MySQLi\Connection.php(295): mysqli->query('INSERT INTO `or...', 0)
#1 C:\xampp\htdocs\p_lago_agustin\system\Database\BaseConnection.php(691): CodeIgniter\Database\MySQLi\Connection->execute('INSERT INTO `or...')
#2 C:\xampp\htdocs\p_lago_agustin\system\Database\BaseConnection.php(605): CodeIgniter\Database\BaseConnection->simpleQuery('INSERT INTO `or...')
#3 C:\xampp\htdocs\p_lago_agustin\system\Database\BaseBuilder.php(2309): CodeIgniter\Database\BaseConnection->query('INSERT INTO `or...', Array, false)
#4 C:\xampp\htdocs\p_lago_agustin\system\Model.php(330): CodeIgniter\Database\BaseBuilder->insert()
#5 C:\xampp\htdocs\p_lago_agustin\system\BaseModel.php(782): CodeIgniter\Model->doInsert(Array)
#6 C:\xampp\htdocs\p_lago_agustin\system\Model.php(730): CodeIgniter\BaseModel->insert(Array, true)
#7 C:\xampp\htdocs\p_lago_agustin\app\Controllers\Cart.php(156): CodeIgniter\Model->insert(Array)
#8 C:\xampp\htdocs\p_lago_agustin\system\CodeIgniter.php(934): App\Controllers\Cart->comprar()
#9 C:\xampp\htdocs\p_lago_agustin\system\CodeIgniter.php(499): CodeIgniter\CodeIgniter->runController(Object(App\Controllers\Cart))
#10 C:\xampp\htdocs\p_lago_agustin\system\CodeIgniter.php(368): CodeIgniter\CodeIgniter->handleRequest(NULL, Object(Config\Cache), false)
#11 C:\xampp\htdocs\p_lago_agustin\index.php(67): CodeIgniter\CodeIgniter->run()
#12 {main}
ERROR - 2024-06-14 13:01:57 --> mysqli_sql_exception: Column 'precioEnvio' cannot be null in C:\xampp\htdocs\p_lago_agustin\system\Database\MySQLi\Connection.php:295
Stack trace:
#0 C:\xampp\htdocs\p_lago_agustin\system\Database\MySQLi\Connection.php(295): mysqli->query('INSERT INTO `en...', 0)
#1 C:\xampp\htdocs\p_lago_agustin\system\Database\BaseConnection.php(691): CodeIgniter\Database\MySQLi\Connection->execute('INSERT INTO `en...')
#2 C:\xampp\htdocs\p_lago_agustin\system\Database\BaseConnection.php(605): CodeIgniter\Database\BaseConnection->simpleQuery('INSERT INTO `en...')
#3 C:\xampp\htdocs\p_lago_agustin\system\Database\BaseBuilder.php(2309): CodeIgniter\Database\BaseConnection->query('INSERT INTO `en...', Array, false)
#4 C:\xampp\htdocs\p_lago_agustin\system\Model.php(330): CodeIgniter\Database\BaseBuilder->insert()
#5 C:\xampp\htdocs\p_lago_agustin\system\BaseModel.php(782): CodeIgniter\Model->doInsert(Array)
#6 C:\xampp\htdocs\p_lago_agustin\system\Model.php(730): CodeIgniter\BaseModel->insert(Array, true)
#7 C:\xampp\htdocs\p_lago_agustin\app\Controllers\Cart.php(176): CodeIgniter\Model->insert(Array)
#8 C:\xampp\htdocs\p_lago_agustin\system\CodeIgniter.php(934): App\Controllers\Cart->comprar()
#9 C:\xampp\htdocs\p_lago_agustin\system\CodeIgniter.php(499): CodeIgniter\CodeIgniter->runController(Object(App\Controllers\Cart))
#10 C:\xampp\htdocs\p_lago_agustin\system\CodeIgniter.php(368): CodeIgniter\CodeIgniter->handleRequest(NULL, Object(Config\Cache), false)
#11 C:\xampp\htdocs\p_lago_agustin\index.php(67): CodeIgniter\CodeIgniter->run()
#12 {main}
CRITICAL - 2024-06-14 13:01:57 --> Error en la transaccion
in APPPATH\Controllers\Cart.php on line 179.
 1 SYSTEMPATH\CodeIgniter.php(934): App\Controllers\Cart->comprar()
 2 SYSTEMPATH\CodeIgniter.php(499): CodeIgniter\CodeIgniter->runController(Object(App\Controllers\Cart))
 3 SYSTEMPATH\CodeIgniter.php(368): CodeIgniter\CodeIgniter->handleRequest(null, Object(Config\Cache), false)
 4 FCPATH\index.php(67): CodeIgniter\CodeIgniter->run()
INFO - 2024-06-14 13:11:48 --> Session: Class initialized using 'CodeIgniter\Session\Handlers\FileHandler' driver.
INFO - 2024-06-14 13:11:48 --> Cart Class Initialized
ERROR - 2024-06-14 13:11:48 --> mysqli_sql_exception: Column 'userID' cannot be null in C:\xampp\htdocs\p_lago_agustin\system\Database\MySQLi\Connection.php:295
Stack trace:
#0 C:\xampp\htdocs\p_lago_agustin\system\Database\MySQLi\Connection.php(295): mysqli->query('INSERT INTO `or...', 0)
#1 C:\xampp\htdocs\p_lago_agustin\system\Database\BaseConnection.php(691): CodeIgniter\Database\MySQLi\Connection->execute('INSERT INTO `or...')
#2 C:\xampp\htdocs\p_lago_agustin\system\Database\BaseConnection.php(605): CodeIgniter\Database\BaseConnection->simpleQuery('INSERT INTO `or...')
#3 C:\xampp\htdocs\p_lago_agustin\system\Database\BaseBuilder.php(2309): CodeIgniter\Database\BaseConnection->query('INSERT INTO `or...', Array, false)
#4 C:\xampp\htdocs\p_lago_agustin\system\Model.php(330): CodeIgniter\Database\BaseBuilder->insert()
#5 C:\xampp\htdocs\p_lago_agustin\system\BaseModel.php(782): CodeIgniter\Model->doInsert(Array)
#6 C:\xampp\htdocs\p_lago_agustin\system\Model.php(730): CodeIgniter\BaseModel->insert(Array, true)
#7 C:\xampp\htdocs\p_lago_agustin\app\Controllers\Cart.php(144): CodeIgniter\Model->insert(Array)
#8 C:\xampp\htdocs\p_lago_agustin\system\CodeIgniter.php(934): App\Controllers\Cart->comprar()
#9 C:\xampp\htdocs\p_lago_agustin\system\CodeIgniter.php(499): CodeIgniter\CodeIgniter->runController(Object(App\Controllers\Cart))
#10 C:\xampp\htdocs\p_lago_agustin\system\CodeIgniter.php(368): CodeIgniter\CodeIgniter->handleRequest(NULL, Object(Config\Cache), false)
#11 C:\xampp\htdocs\p_lago_agustin\index.php(67): CodeIgniter\CodeIgniter->run()
#12 {main}
ERROR - 2024-06-14 13:11:48 --> mysqli_sql_exception: Cannot add or update a child row: a foreign key constraint fails (`bd_lago_agustin`.`order_details`, CONSTRAINT `order_details_ibfk_1` FOREIGN KEY (`orderID`) REFERENCES `order` (`id`)) in C:\xampp\htdocs\p_lago_agustin\system\Database\MySQLi\Connection.php:295
Stack trace:
#0 C:\xampp\htdocs\p_lago_agustin\system\Database\MySQLi\Connection.php(295): mysqli->query('INSERT INTO `or...', 0)
#1 C:\xampp\htdocs\p_lago_agustin\system\Database\BaseConnection.php(691): CodeIgniter\Database\MySQLi\Connection->execute('INSERT INTO `or...')
#2 C:\xampp\htdocs\p_lago_agustin\system\Database\BaseConnection.php(605): CodeIgniter\Database\BaseConnection->simpleQuery('INSERT INTO `or...')
#3 C:\xampp\htdocs\p_lago_agustin\system\Database\BaseBuilder.php(2309): CodeIgniter\Database\BaseConnection->query('INSERT INTO `or...', Array, false)
#4 C:\xampp\htdocs\p_lago_agustin\system\Model.php(330): CodeIgniter\Database\BaseBuilder->insert()
#5 C:\xampp\htdocs\p_lago_agustin\system\BaseModel.php(782): CodeIgniter\Model->doInsert(Array)
#6 C:\xampp\htdocs\p_lago_agustin\system\Model.php(730): CodeIgniter\BaseModel->insert(Array, true)
#7 C:\xampp\htdocs\p_lago_agustin\app\Controllers\Cart.php(156): CodeIgniter\Model->insert(Array)
#8 C:\xampp\htdocs\p_lago_agustin\system\CodeIgniter.php(934): App\Controllers\Cart->comprar()
#9 C:\xampp\htdocs\p_lago_agustin\system\CodeIgniter.php(499): CodeIgniter\CodeIgniter->runController(Object(App\Controllers\Cart))
#10 C:\xampp\htdocs\p_lago_agustin\system\CodeIgniter.php(368): CodeIgniter\CodeIgniter->handleRequest(NULL, Object(Config\Cache), false)
#11 C:\xampp\htdocs\p_lago_agustin\index.php(67): CodeIgniter\CodeIgniter->run()
#12 {main}
ERROR - 2024-06-14 13:11:48 --> mysqli_sql_exception: Column 'precioEnvio' cannot be null in C:\xampp\htdocs\p_lago_agustin\system\Database\MySQLi\Connection.php:295
Stack trace:
#0 C:\xampp\htdocs\p_lago_agustin\system\Database\MySQLi\Connection.php(295): mysqli->query('INSERT INTO `en...', 0)
#1 C:\xampp\htdocs\p_lago_agustin\system\Database\BaseConnection.php(691): CodeIgniter\Database\MySQLi\Connection->execute('INSERT INTO `en...')
#2 C:\xampp\htdocs\p_lago_agustin\system\Database\BaseConnection.php(605): CodeIgniter\Database\BaseConnection->simpleQuery('INSERT INTO `en...')
#3 C:\xampp\htdocs\p_lago_agustin\system\Database\BaseBuilder.php(2309): CodeIgniter\Database\BaseConnection->query('INSERT INTO `en...', Array, false)
#4 C:\xampp\htdocs\p_lago_agustin\system\Model.php(330): CodeIgniter\Database\BaseBuilder->insert()
#5 C:\xampp\htdocs\p_lago_agustin\system\BaseModel.php(782): CodeIgniter\Model->doInsert(Array)
#6 C:\xampp\htdocs\p_lago_agustin\system\Model.php(730): CodeIgniter\BaseModel->insert(Array, true)
#7 C:\xampp\htdocs\p_lago_agustin\app\Controllers\Cart.php(176): CodeIgniter\Model->insert(Array)
#8 C:\xampp\htdocs\p_lago_agustin\system\CodeIgniter.php(934): App\Controllers\Cart->comprar()
#9 C:\xampp\htdocs\p_lago_agustin\system\CodeIgniter.php(499): CodeIgniter\CodeIgniter->runController(Object(App\Controllers\Cart))
#10 C:\xampp\htdocs\p_lago_agustin\system\CodeIgniter.php(368): CodeIgniter\CodeIgniter->handleRequest(NULL, Object(Config\Cache), false)
#11 C:\xampp\htdocs\p_lago_agustin\index.php(67): CodeIgniter\CodeIgniter->run()
#12 {main}
CRITICAL - 2024-06-14 13:11:48 --> Error en la transaccion
in APPPATH\Controllers\Cart.php on line 179.
 1 SYSTEMPATH\CodeIgniter.php(934): App\Controllers\Cart->comprar()
 2 SYSTEMPATH\CodeIgniter.php(499): CodeIgniter\CodeIgniter->runController(Object(App\Controllers\Cart))
 3 SYSTEMPATH\CodeIgniter.php(368): CodeIgniter\CodeIgniter->handleRequest(null, Object(Config\Cache), false)
 4 FCPATH\index.php(67): CodeIgniter\CodeIgniter->run()
INFO - 2024-06-14 13:12:18 --> Session: Class initialized using 'CodeIgniter\Session\Handlers\FileHandler' driver.
INFO - 2024-06-14 13:12:18 --> Cart Class Initialized
INFO - 2024-06-14 13:12:21 --> Session: Class initialized using 'CodeIgniter\Session\Handlers\FileHandler' driver.
INFO - 2024-06-14 13:12:21 --> Cart Class Initialized
INFO - 2024-06-14 13:13:08 --> Session: Class initialized using 'CodeIgniter\Session\Handlers\FileHandler' driver.
INFO - 2024-06-14 13:13:08 --> Cart Class Initialized
INFO - 2024-06-14 13:15:04 --> Session: Class initialized using 'CodeIgniter\Session\Handlers\FileHandler' driver.
INFO - 2024-06-14 13:15:04 --> Cart Class Initialized
INFO - 2024-06-14 13:15:28 --> Session: Class initialized using 'CodeIgniter\Session\Handlers\FileHandler' driver.
INFO - 2024-06-14 13:15:28 --> Cart Class Initialized
ERROR - 2024-06-14 13:15:28 --> mysqli_sql_exception: Column 'userID' cannot be null in C:\xampp\htdocs\p_lago_agustin\system\Database\MySQLi\Connection.php:295
Stack trace:
#0 C:\xampp\htdocs\p_lago_agustin\system\Database\MySQLi\Connection.php(295): mysqli->query('INSERT INTO `or...', 0)
#1 C:\xampp\htdocs\p_lago_agustin\system\Database\BaseConnection.php(691): CodeIgniter\Database\MySQLi\Connection->execute('INSERT INTO `or...')
#2 C:\xampp\htdocs\p_lago_agustin\system\Database\BaseConnection.php(605): CodeIgniter\Database\BaseConnection->simpleQuery('INSERT INTO `or...')
#3 C:\xampp\htdocs\p_lago_agustin\system\Database\BaseBuilder.php(2309): CodeIgniter\Database\BaseConnection->query('INSERT INTO `or...', Array, false)
#4 C:\xampp\htdocs\p_lago_agustin\system\Model.php(330): CodeIgniter\Database\BaseBuilder->insert()
#5 C:\xampp\htdocs\p_lago_agustin\system\BaseModel.php(782): CodeIgniter\Model->doInsert(Array)
#6 C:\xampp\htdocs\p_lago_agustin\system\Model.php(730): CodeIgniter\BaseModel->insert(Array, true)
#7 C:\xampp\htdocs\p_lago_agustin\app\Controllers\Cart.php(144): CodeIgniter\Model->insert(Array)
#8 C:\xampp\htdocs\p_lago_agustin\system\CodeIgniter.php(934): App\Controllers\Cart->comprar()
#9 C:\xampp\htdocs\p_lago_agustin\system\CodeIgniter.php(499): CodeIgniter\CodeIgniter->runController(Object(App\Controllers\Cart))
#10 C:\xampp\htdocs\p_lago_agustin\system\CodeIgniter.php(368): CodeIgniter\CodeIgniter->handleRequest(NULL, Object(Config\Cache), false)
#11 C:\xampp\htdocs\p_lago_agustin\index.php(67): CodeIgniter\CodeIgniter->run()
#12 {main}
ERROR - 2024-06-14 13:15:28 --> mysqli_sql_exception: Cannot add or update a child row: a foreign key constraint fails (`bd_lago_agustin`.`order_details`, CONSTRAINT `order_details_ibfk_1` FOREIGN KEY (`orderID`) REFERENCES `order` (`id`)) in C:\xampp\htdocs\p_lago_agustin\system\Database\MySQLi\Connection.php:295
Stack trace:
#0 C:\xampp\htdocs\p_lago_agustin\system\Database\MySQLi\Connection.php(295): mysqli->query('INSERT INTO `or...', 0)
#1 C:\xampp\htdocs\p_lago_agustin\system\Database\BaseConnection.php(691): CodeIgniter\Database\MySQLi\Connection->execute('INSERT INTO `or...')
#2 C:\xampp\htdocs\p_lago_agustin\system\Database\BaseConnection.php(605): CodeIgniter\Database\BaseConnection->simpleQuery('INSERT INTO `or...')
#3 C:\xampp\htdocs\p_lago_agustin\system\Database\BaseBuilder.php(2309): CodeIgniter\Database\BaseConnection->query('INSERT INTO `or...', Array, false)
#4 C:\xampp\htdocs\p_lago_agustin\system\Model.php(330): CodeIgniter\Database\BaseBuilder->insert()
#5 C:\xampp\htdocs\p_lago_agustin\system\BaseModel.php(782): CodeIgniter\Model->doInsert(Array)
#6 C:\xampp\htdocs\p_lago_agustin\system\Model.php(730): CodeIgniter\BaseModel->insert(Array, true)
#7 C:\xampp\htdocs\p_lago_agustin\app\Controllers\Cart.php(156): CodeIgniter\Model->insert(Array)
#8 C:\xampp\htdocs\p_lago_agustin\system\CodeIgniter.php(934): App\Controllers\Cart->comprar()
#9 C:\xampp\htdocs\p_lago_agustin\system\CodeIgniter.php(499): CodeIgniter\CodeIgniter->runController(Object(App\Controllers\Cart))
#10 C:\xampp\htdocs\p_lago_agustin\system\CodeIgniter.php(368): CodeIgniter\CodeIgniter->handleRequest(NULL, Object(Config\Cache), false)
#11 C:\xampp\htdocs\p_lago_agustin\index.php(67): CodeIgniter\CodeIgniter->run()
#12 {main}
ERROR - 2024-06-14 13:15:28 --> mysqli_sql_exception: Cannot add or update a child row: a foreign key constraint fails (`bd_lago_agustin`.`envio`, CONSTRAINT `fk_order` FOREIGN KEY (`orderID`) REFERENCES `order` (`id`)) in C:\xampp\htdocs\p_lago_agustin\system\Database\MySQLi\Connection.php:295
Stack trace:
#0 C:\xampp\htdocs\p_lago_agustin\system\Database\MySQLi\Connection.php(295): mysqli->query('INSERT INTO `en...', 0)
#1 C:\xampp\htdocs\p_lago_agustin\system\Database\BaseConnection.php(691): CodeIgniter\Database\MySQLi\Connection->execute('INSERT INTO `en...')
#2 C:\xampp\htdocs\p_lago_agustin\system\Database\BaseConnection.php(605): CodeIgniter\Database\BaseConnection->simpleQuery('INSERT INTO `en...')
#3 C:\xampp\htdocs\p_lago_agustin\system\Database\BaseBuilder.php(2309): CodeIgniter\Database\BaseConnection->query('INSERT INTO `en...', Array, false)
#4 C:\xampp\htdocs\p_lago_agustin\system\Model.php(330): CodeIgniter\Database\BaseBuilder->insert()
#5 C:\xampp\htdocs\p_lago_agustin\system\BaseModel.php(782): CodeIgniter\Model->doInsert(Array)
#6 C:\xampp\htdocs\p_lago_agustin\system\Model.php(730): CodeIgniter\BaseModel->insert(Array, true)
#7 C:\xampp\htdocs\p_lago_agustin\app\Controllers\Cart.php(176): CodeIgniter\Model->insert(Array)
#8 C:\xampp\htdocs\p_lago_agustin\system\CodeIgniter.php(934): App\Controllers\Cart->comprar()
#9 C:\xampp\htdocs\p_lago_agustin\system\CodeIgniter.php(499): CodeIgniter\CodeIgniter->runController(Object(App\Controllers\Cart))
#10 C:\xampp\htdocs\p_lago_agustin\system\CodeIgniter.php(368): CodeIgniter\CodeIgniter->handleRequest(NULL, Object(Config\Cache), false)
#11 C:\xampp\htdocs\p_lago_agustin\index.php(67): CodeIgniter\CodeIgniter->run()
#12 {main}
CRITICAL - 2024-06-14 13:15:28 --> Error en la transaccion
in APPPATH\Controllers\Cart.php on line 179.
 1 SYSTEMPATH\CodeIgniter.php(934): App\Controllers\Cart->comprar()
 2 SYSTEMPATH\CodeIgniter.php(499): CodeIgniter\CodeIgniter->runController(Object(App\Controllers\Cart))
 3 SYSTEMPATH\CodeIgniter.php(368): CodeIgniter\CodeIgniter->handleRequest(null, Object(Config\Cache), false)
 4 FCPATH\index.php(67): CodeIgniter\CodeIgniter->run()
INFO - 2024-06-14 13:16:39 --> Session: Class initialized using 'CodeIgniter\Session\Handlers\FileHandler' driver.
INFO - 2024-06-14 13:16:40 --> Cart Class Initialized
INFO - 2024-06-14 13:16:41 --> Session: Class initialized using 'CodeIgniter\Session\Handlers\FileHandler' driver.
INFO - 2024-06-14 13:16:41 --> Cart Class Initialized
INFO - 2024-06-14 13:16:55 --> Session: Class initialized using 'CodeIgniter\Session\Handlers\FileHandler' driver.
INFO - 2024-06-14 13:16:55 --> Cart Class Initialized
ERROR - 2024-06-14 13:16:55 --> mysqli_sql_exception: Column 'tipoPagoId' cannot be null in C:\xampp\htdocs\p_lago_agustin\system\Database\MySQLi\Connection.php:295
Stack trace:
#0 C:\xampp\htdocs\p_lago_agustin\system\Database\MySQLi\Connection.php(295): mysqli->query('INSERT INTO `or...', 0)
#1 C:\xampp\htdocs\p_lago_agustin\system\Database\BaseConnection.php(691): CodeIgniter\Database\MySQLi\Connection->execute('INSERT INTO `or...')
#2 C:\xampp\htdocs\p_lago_agustin\system\Database\BaseConnection.php(605): CodeIgniter\Database\BaseConnection->simpleQuery('INSERT INTO `or...')
#3 C:\xampp\htdocs\p_lago_agustin\system\Database\BaseBuilder.php(2309): CodeIgniter\Database\BaseConnection->query('INSERT INTO `or...', Array, false)
#4 C:\xampp\htdocs\p_lago_agustin\system\Model.php(330): CodeIgniter\Database\BaseBuilder->insert()
#5 C:\xampp\htdocs\p_lago_agustin\system\BaseModel.php(782): CodeIgniter\Model->doInsert(Array)
#6 C:\xampp\htdocs\p_lago_agustin\system\Model.php(730): CodeIgniter\BaseModel->insert(Array, true)
#7 C:\xampp\htdocs\p_lago_agustin\app\Controllers\Cart.php(144): CodeIgniter\Model->insert(Array)
#8 C:\xampp\htdocs\p_lago_agustin\system\CodeIgniter.php(934): App\Controllers\Cart->comprar()
#9 C:\xampp\htdocs\p_lago_agustin\system\CodeIgniter.php(499): CodeIgniter\CodeIgniter->runController(Object(App\Controllers\Cart))
#10 C:\xampp\htdocs\p_lago_agustin\system\CodeIgniter.php(368): CodeIgniter\CodeIgniter->handleRequest(NULL, Object(Config\Cache), false)
#11 C:\xampp\htdocs\p_lago_agustin\index.php(67): CodeIgniter\CodeIgniter->run()
#12 {main}
ERROR - 2024-06-14 13:16:55 --> mysqli_sql_exception: Cannot add or update a child row: a foreign key constraint fails (`bd_lago_agustin`.`order_details`, CONSTRAINT `order_details_ibfk_1` FOREIGN KEY (`orderID`) REFERENCES `order` (`id`)) in C:\xampp\htdocs\p_lago_agustin\system\Database\MySQLi\Connection.php:295
Stack trace:
#0 C:\xampp\htdocs\p_lago_agustin\system\Database\MySQLi\Connection.php(295): mysqli->query('INSERT INTO `or...', 0)
#1 C:\xampp\htdocs\p_lago_agustin\system\Database\BaseConnection.php(691): CodeIgniter\Database\MySQLi\Connection->execute('INSERT INTO `or...')
#2 C:\xampp\htdocs\p_lago_agustin\system\Database\BaseConnection.php(605): CodeIgniter\Database\BaseConnection->simpleQuery('INSERT INTO `or...')
#3 C:\xampp\htdocs\p_lago_agustin\system\Database\BaseBuilder.php(2309): CodeIgniter\Database\BaseConnection->query('INSERT INTO `or...', Array, false)
#4 C:\xampp\htdocs\p_lago_agustin\system\Model.php(330): CodeIgniter\Database\BaseBuilder->insert()
#5 C:\xampp\htdocs\p_lago_agustin\system\BaseModel.php(782): CodeIgniter\Model->doInsert(Array)
#6 C:\xampp\htdocs\p_lago_agustin\system\Model.php(730): CodeIgniter\BaseModel->insert(Array, true)
#7 C:\xampp\htdocs\p_lago_agustin\app\Controllers\Cart.php(156): CodeIgniter\Model->insert(Array)
#8 C:\xampp\htdocs\p_lago_agustin\system\CodeIgniter.php(934): App\Controllers\Cart->comprar()
#9 C:\xampp\htdocs\p_lago_agustin\system\CodeIgniter.php(499): CodeIgniter\CodeIgniter->runController(Object(App\Controllers\Cart))
#10 C:\xampp\htdocs\p_lago_agustin\system\CodeIgniter.php(368): CodeIgniter\CodeIgniter->handleRequest(NULL, Object(Config\Cache), false)
#11 C:\xampp\htdocs\p_lago_agustin\index.php(67): CodeIgniter\CodeIgniter->run()
#12 {main}
ERROR - 2024-06-14 13:16:55 --> mysqli_sql_exception: Cannot add or update a child row: a foreign key constraint fails (`bd_lago_agustin`.`envio`, CONSTRAINT `fk_order` FOREIGN KEY (`orderID`) REFERENCES `order` (`id`)) in C:\xampp\htdocs\p_lago_agustin\system\Database\MySQLi\Connection.php:295
Stack trace:
#0 C:\xampp\htdocs\p_lago_agustin\system\Database\MySQLi\Connection.php(295): mysqli->query('INSERT INTO `en...', 0)
#1 C:\xampp\htdocs\p_lago_agustin\system\Database\BaseConnection.php(691): CodeIgniter\Database\MySQLi\Connection->execute('INSERT INTO `en...')
#2 C:\xampp\htdocs\p_lago_agustin\system\Database\BaseConnection.php(605): CodeIgniter\Database\BaseConnection->simpleQuery('INSERT INTO `en...')
#3 C:\xampp\htdocs\p_lago_agustin\system\Database\BaseBuilder.php(2309): CodeIgniter\Database\BaseConnection->query('INSERT INTO `en...', Array, false)
#4 C:\xampp\htdocs\p_lago_agustin\system\Model.php(330): CodeIgniter\Database\BaseBuilder->insert()
#5 C:\xampp\htdocs\p_lago_agustin\system\BaseModel.php(782): CodeIgniter\Model->doInsert(Array)
#6 C:\xampp\htdocs\p_lago_agustin\system\Model.php(730): CodeIgniter\BaseModel->insert(Array, true)
#7 C:\xampp\htdocs\p_lago_agustin\app\Controllers\Cart.php(176): CodeIgniter\Model->insert(Array)
#8 C:\xampp\htdocs\p_lago_agustin\system\CodeIgniter.php(934): App\Controllers\Cart->comprar()
#9 C:\xampp\htdocs\p_lago_agustin\system\CodeIgniter.php(499): CodeIgniter\CodeIgniter->runController(Object(App\Controllers\Cart))
#10 C:\xampp\htdocs\p_lago_agustin\system\CodeIgniter.php(368): CodeIgniter\CodeIgniter->handleRequest(NULL, Object(Config\Cache), false)
#11 C:\xampp\htdocs\p_lago_agustin\index.php(67): CodeIgniter\CodeIgniter->run()
#12 {main}
CRITICAL - 2024-06-14 13:16:55 --> Error en la transaccion
in APPPATH\Controllers\Cart.php on line 179.
 1 SYSTEMPATH\CodeIgniter.php(934): App\Controllers\Cart->comprar()
 2 SYSTEMPATH\CodeIgniter.php(499): CodeIgniter\CodeIgniter->runController(Object(App\Controllers\Cart))
 3 SYSTEMPATH\CodeIgniter.php(368): CodeIgniter\CodeIgniter->handleRequest(null, Object(Config\Cache), false)
 4 FCPATH\index.php(67): CodeIgniter\CodeIgniter->run()
INFO - 2024-06-14 13:20:21 --> Session: Class initialized using 'CodeIgniter\Session\Handlers\FileHandler' driver.
INFO - 2024-06-14 13:20:21 --> Cart Class Initialized
INFO - 2024-06-14 13:20:23 --> Session: Class initialized using 'CodeIgniter\Session\Handlers\FileHandler' driver.
INFO - 2024-06-14 13:20:23 --> Cart Class Initialized
INFO - 2024-06-14 13:20:28 --> Session: Class initialized using 'CodeIgniter\Session\Handlers\FileHandler' driver.
INFO - 2024-06-14 13:20:28 --> Cart Class Initialized
INFO - 2024-06-14 13:20:31 --> Session: Class initialized using 'CodeIgniter\Session\Handlers\FileHandler' driver.
INFO - 2024-06-14 13:20:31 --> Cart Class Initialized
INFO - 2024-06-14 13:20:50 --> Session: Class initialized using 'CodeIgniter\Session\Handlers\FileHandler' driver.
INFO - 2024-06-14 13:20:50 --> Cart Class Initialized
INFO - 2024-06-14 13:21:12 --> Session: Class initialized using 'CodeIgniter\Session\Handlers\FileHandler' driver.
INFO - 2024-06-14 13:21:12 --> Cart Class Initialized
INFO - 2024-06-14 13:25:32 --> Session: Class initialized using 'CodeIgniter\Session\Handlers\FileHandler' driver.
INFO - 2024-06-14 13:25:35 --> Session: Class initialized using 'CodeIgniter\Session\Handlers\FileHandler' driver.
INFO - 2024-06-14 13:25:37 --> Session: Class initialized using 'CodeIgniter\Session\Handlers\FileHandler' driver.
INFO - 2024-06-14 13:26:11 --> Session: Class initialized using 'CodeIgniter\Session\Handlers\FileHandler' driver.
INFO - 2024-06-14 13:26:11 --> Cart Class Initialized
INFO - 2024-06-14 13:26:11 --> Session: Class initialized using 'CodeIgniter\Session\Handlers\FileHandler' driver.
INFO - 2024-06-14 13:31:43 --> Session: Class initialized using 'CodeIgniter\Session\Handlers\FileHandler' driver.
INFO - 2024-06-14 13:31:43 --> Cart Class Initialized
INFO - 2024-06-14 13:31:43 --> Session: Class initialized using 'CodeIgniter\Session\Handlers\FileHandler' driver.
INFO - 2024-06-14 13:31:47 --> Session: Class initialized using 'CodeIgniter\Session\Handlers\FileHandler' driver.
INFO - 2024-06-14 13:31:47 --> Cart Class Initialized
INFO - 2024-06-14 13:31:51 --> Session: Class initialized using 'CodeIgniter\Session\Handlers\FileHandler' driver.
INFO - 2024-06-14 13:31:51 --> Cart Class Initialized
INFO - 2024-06-14 13:36:05 --> Session: Class initialized using 'CodeIgniter\Session\Handlers\FileHandler' driver.
INFO - 2024-06-14 13:36:05 --> Cart Class Initialized
INFO - 2024-06-14 13:37:13 --> Session: Class initialized using 'CodeIgniter\Session\Handlers\FileHandler' driver.
INFO - 2024-06-14 13:37:13 --> Cart Class Initialized
INFO - 2024-06-14 13:37:34 --> Session: Class initialized using 'CodeIgniter\Session\Handlers\FileHandler' driver.
INFO - 2024-06-14 13:37:34 --> Cart Class Initialized
CRITICAL - 2024-06-14 13:37:34 --> Undefined array key "precio"
in APPPATH\Controllers\Cart.php on line 154.
 1 APPPATH\Controllers\Cart.php(154): CodeIgniter\Debug\Exceptions->errorHandler(2, 'Undefined array key "precio"', 'APPPATH\\Controllers\\Cart.php', 154)
 2 SYSTEMPATH\CodeIgniter.php(934): App\Controllers\Cart->comprar()
 3 SYSTEMPATH\CodeIgniter.php(499): CodeIgniter\CodeIgniter->runController(Object(App\Controllers\Cart))
 4 SYSTEMPATH\CodeIgniter.php(368): CodeIgniter\CodeIgniter->handleRequest(null, Object(Config\Cache), false)
 5 FCPATH\index.php(67): CodeIgniter\CodeIgniter->run()
INFO - 2024-06-14 13:37:46 --> Session: Class initialized using 'CodeIgniter\Session\Handlers\FileHandler' driver.
INFO - 2024-06-14 13:37:46 --> Cart Class Initialized
INFO - 2024-06-14 13:37:50 --> Session: Class initialized using 'CodeIgniter\Session\Handlers\FileHandler' driver.
INFO - 2024-06-14 13:37:50 --> Cart Class Initialized
INFO - 2024-06-14 13:38:15 --> Session: Class initialized using 'CodeIgniter\Session\Handlers\FileHandler' driver.
INFO - 2024-06-14 13:38:15 --> Cart Class Initialized
INFO - 2024-06-14 13:40:04 --> Session: Class initialized using 'CodeIgniter\Session\Handlers\FileHandler' driver.
INFO - 2024-06-14 13:40:06 --> Session: Class initialized using 'CodeIgniter\Session\Handlers\FileHandler' driver.
INFO - 2024-06-14 13:40:09 --> Session: Class initialized using 'CodeIgniter\Session\Handlers\FileHandler' driver.
INFO - 2024-06-14 13:40:09 --> Cart Class Initialized
INFO - 2024-06-14 13:40:12 --> Session: Class initialized using 'CodeIgniter\Session\Handlers\FileHandler' driver.
INFO - 2024-06-14 13:40:14 --> Session: Class initialized using 'CodeIgniter\Session\Handlers\FileHandler' driver.
INFO - 2024-06-14 13:40:38 --> Session: Class initialized using 'CodeIgniter\Session\Handlers\FileHandler' driver.
INFO - 2024-06-14 13:40:38 --> Cart Class Initialized
INFO - 2024-06-14 13:40:39 --> Session: Class initialized using 'CodeIgniter\Session\Handlers\FileHandler' driver.
INFO - 2024-06-14 13:40:44 --> Session: Class initialized using 'CodeIgniter\Session\Handlers\FileHandler' driver.
INFO - 2024-06-14 13:40:44 --> Cart Class Initialized
INFO - 2024-06-14 13:40:47 --> Session: Class initialized using 'CodeIgniter\Session\Handlers\FileHandler' driver.
INFO - 2024-06-14 13:40:47 --> Cart Class Initialized
INFO - 2024-06-14 13:41:04 --> Session: Class initialized using 'CodeIgniter\Session\Handlers\FileHandler' driver.
INFO - 2024-06-14 13:41:04 --> Cart Class Initialized
INFO - 2024-06-14 13:41:05 --> Session: Class initialized using 'CodeIgniter\Session\Handlers\FileHandler' driver.
INFO - 2024-06-14 13:41:05 --> Cart Class Initialized
INFO - 2024-06-14 13:42:30 --> Session: Class initialized using 'CodeIgniter\Session\Handlers\FileHandler' driver.
INFO - 2024-06-14 13:42:30 --> Cart Class Initialized
INFO - 2024-06-14 13:42:52 --> Session: Class initialized using 'CodeIgniter\Session\Handlers\FileHandler' driver.
INFO - 2024-06-14 13:42:52 --> Cart Class Initialized
INFO - 2024-06-14 13:44:31 --> Session: Class initialized using 'CodeIgniter\Session\Handlers\FileHandler' driver.
INFO - 2024-06-14 13:44:31 --> Cart Class Initialized
INFO - 2024-06-14 13:44:42 --> Session: Class initialized using 'CodeIgniter\Session\Handlers\FileHandler' driver.
INFO - 2024-06-14 13:44:42 --> Cart Class Initialized
INFO - 2024-06-14 13:50:43 --> Session: Class initialized using 'CodeIgniter\Session\Handlers\FileHandler' driver.
INFO - 2024-06-14 13:50:43 --> Cart Class Initialized
INFO - 2024-06-14 13:57:47 --> Session: Class initialized using 'CodeIgniter\Session\Handlers\FileHandler' driver.
INFO - 2024-06-14 13:57:47 --> Cart Class Initialized
INFO - 2024-06-14 14:04:57 --> Session: Class initialized using 'CodeIgniter\Session\Handlers\FileHandler' driver.
INFO - 2024-06-14 14:04:59 --> Session: Class initialized using 'CodeIgniter\Session\Handlers\FileHandler' driver.
INFO - 2024-06-14 14:04:59 --> Cart Class Initialized
CRITICAL - 2024-06-14 14:05:00 --> unlink(C:\xampp\htdocs\p_lago_agustin\writable\debugbar/debugbar_1718372271.070203.json): No such file or directory
in SYSTEMPATH\Debug\Toolbar\Collectors\History.php on line 76.
 1 [internal function]: CodeIgniter\Debug\Exceptions->errorHandler(2, 'unlink(C:\\xampp\\htdocs\\p_lago_agustin\\writable\\debugbar/debugbar_1718372271.070203.json): No such file or directory', 'SYSTEMPATH\\Debug\\Toolbar\\Collectors\\History.php', 76)
 2 SYSTEMPATH\Debug\Toolbar\Collectors\History.php(76): unlink('FCPATH\\writable\\debugbar/debugbar_1718372271.070203.json')
 3 SYSTEMPATH\Debug\Toolbar.php(495): CodeIgniter\Debug\Toolbar\Collectors\History->setFiles('1718373899.802546', 20)
 4 SYSTEMPATH\Debug\Toolbar.php(474): CodeIgniter\Debug\Toolbar->format([...], 'html')
 5 APPPATH\Config\Events.php(46): CodeIgniter\Debug\Toolbar->respond()
 6 SYSTEMPATH\Events\Events.php(149): CodeIgniter\Events\Events::Config\{closure}()
 7 SYSTEMPATH\CodeIgniter.php(350): CodeIgniter\Events\Events::trigger('pre_system')
 8 FCPATH\index.php(67): CodeIgniter\CodeIgniter->run()
INFO - 2024-06-14 14:05:09 --> Session: Class initialized using 'CodeIgniter\Session\Handlers\FileHandler' driver.
INFO - 2024-06-14 14:05:09 --> Cart Class Initialized
INFO - 2024-06-14 14:13:58 --> Session: Class initialized using 'CodeIgniter\Session\Handlers\FileHandler' driver.
INFO - 2024-06-14 14:13:58 --> Cart Class Initialized
INFO - 2024-06-14 14:21:18 --> Session: Class initialized using 'CodeIgniter\Session\Handlers\FileHandler' driver.
INFO - 2024-06-14 14:21:18 --> Cart Class Initialized
INFO - 2024-06-14 14:22:10 --> Session: Class initialized using 'CodeIgniter\Session\Handlers\FileHandler' driver.
INFO - 2024-06-14 14:22:10 --> Cart Class Initialized
INFO - 2024-06-14 14:24:31 --> Session: Class initialized using 'CodeIgniter\Session\Handlers\FileHandler' driver.
INFO - 2024-06-14 14:24:31 --> Cart Class Initialized
INFO - 2024-06-14 14:26:50 --> Session: Class initialized using 'CodeIgniter\Session\Handlers\FileHandler' driver.
INFO - 2024-06-14 14:26:50 --> Cart Class Initialized
INFO - 2024-06-14 14:31:22 --> Session: Class initialized using 'CodeIgniter\Session\Handlers\FileHandler' driver.
INFO - 2024-06-14 14:31:22 --> Cart Class Initialized
INFO - 2024-06-14 14:31:31 --> Session: Class initialized using 'CodeIgniter\Session\Handlers\FileHandler' driver.
INFO - 2024-06-14 14:31:31 --> Cart Class Initialized
INFO - 2024-06-14 14:31:38 --> Session: Class initialized using 'CodeIgniter\Session\Handlers\FileHandler' driver.
INFO - 2024-06-14 14:31:38 --> Cart Class Initialized
CRITICAL - 2024-06-14 14:38:37 --> Class "App\Filters\AuthComp" not found
in SYSTEMPATH\Filters\Filters.php on line 166.
 1 SYSTEMPATH\CodeIgniter.php(473): CodeIgniter\Filters\Filters->run('compra/comprobante/4', 'before')
 2 SYSTEMPATH\CodeIgniter.php(368): CodeIgniter\CodeIgniter->handleRequest(null, Object(Config\Cache), false)
 3 FCPATH\index.php(67): CodeIgniter\CodeIgniter->run()
CRITICAL - 2024-06-14 14:39:02 --> Class "App\Filters\authComp" not found
in SYSTEMPATH\Filters\Filters.php on line 166.
 1 SYSTEMPATH\CodeIgniter.php(473): CodeIgniter\Filters\Filters->run('compra/comprobante/4', 'before')
 2 SYSTEMPATH\CodeIgniter.php(368): CodeIgniter\CodeIgniter->handleRequest(null, Object(Config\Cache), false)
 3 FCPATH\index.php(67): CodeIgniter\CodeIgniter->run()
INFO - 2024-06-14 14:40:05 --> Session: Class initialized using 'CodeIgniter\Session\Handlers\FileHandler' driver.
INFO - 2024-06-14 14:40:05 --> Session: Class initialized using 'CodeIgniter\Session\Handlers\FileHandler' driver.
INFO - 2024-06-14 14:40:09 --> Session: Class initialized using 'CodeIgniter\Session\Handlers\FileHandler' driver.
INFO - 2024-06-14 14:40:09 --> Session: Class initialized using 'CodeIgniter\Session\Handlers\FileHandler' driver.
INFO - 2024-06-14 14:40:15 --> Session: Class initialized using 'CodeIgniter\Session\Handlers\FileHandler' driver.
CRITICAL - 2024-06-14 14:40:16 --> Undefined array key "userId"
in APPPATH\Filters\authComp.php on line 28.
 1 APPPATH\Filters\authComp.php(28): CodeIgniter\Debug\Exceptions->errorHandler(2, 'Undefined array key "userId"', 'APPPATH\\Filters\\authComp.php', 28)
 2 SYSTEMPATH\Filters\Filters.php(173): App\Filters\authComp->before(Object(CodeIgniter\HTTP\IncomingRequest), null)
 3 SYSTEMPATH\CodeIgniter.php(473): CodeIgniter\Filters\Filters->run('compra/comprobante/4', 'before')
 4 SYSTEMPATH\CodeIgniter.php(368): CodeIgniter\CodeIgniter->handleRequest(null, Object(Config\Cache), false)
 5 FCPATH\index.php(67): CodeIgniter\CodeIgniter->run()
INFO - 2024-06-14 14:40:32 --> Session: Class initialized using 'CodeIgniter\Session\Handlers\FileHandler' driver.
INFO - 2024-06-14 14:40:33 --> Session: Class initialized using 'CodeIgniter\Session\Handlers\FileHandler' driver.
INFO - 2024-06-14 14:40:35 --> Session: Class initialized using 'CodeIgniter\Session\Handlers\FileHandler' driver.
INFO - 2024-06-14 14:40:35 --> Session: Class initialized using 'CodeIgniter\Session\Handlers\FileHandler' driver.
INFO - 2024-06-14 14:40:43 --> Session: Class initialized using 'CodeIgniter\Session\Handlers\FileHandler' driver.
INFO - 2024-06-14 14:40:43 --> Session: Class initialized using 'CodeIgniter\Session\Handlers\FileHandler' driver.
INFO - 2024-06-14 14:43:10 --> Session: Class initialized using 'CodeIgniter\Session\Handlers\FileHandler' driver.
INFO - 2024-06-14 14:43:14 --> Session: Class initialized using 'CodeIgniter\Session\Handlers\FileHandler' driver.
INFO - 2024-06-14 14:43:14 --> Session: Class initialized using 'CodeIgniter\Session\Handlers\FileHandler' driver.
INFO - 2024-06-14 14:46:28 --> Session: Class initialized using 'CodeIgniter\Session\Handlers\FileHandler' driver.
INFO - 2024-06-14 14:46:32 --> Session: Class initialized using 'CodeIgniter\Session\Handlers\FileHandler' driver.
CRITICAL - 2024-06-14 14:46:32 --> Call to undefined method CodeIgniter\Session\Session::isLoggedIn()
in APPPATH\Filters\authComp.php on line 17.
 1 SYSTEMPATH\Filters\Filters.php(173): App\Filters\authComp->before(Object(CodeIgniter\HTTP\IncomingRequest), null)
 2 SYSTEMPATH\CodeIgniter.php(473): CodeIgniter\Filters\Filters->run('compra/comprobante/4', 'before')
 3 SYSTEMPATH\CodeIgniter.php(368): CodeIgniter\CodeIgniter->handleRequest(null, Object(Config\Cache), false)
 4 FCPATH\index.php(67): CodeIgniter\CodeIgniter->run()
INFO - 2024-06-14 14:46:46 --> Session: Class initialized using 'CodeIgniter\Session\Handlers\FileHandler' driver.
CRITICAL - 2024-06-14 14:46:46 --> Call to undefined method CodeIgniter\Session\Session::loggedIn()
in APPPATH\Filters\authComp.php on line 17.
 1 SYSTEMPATH\Filters\Filters.php(173): App\Filters\authComp->before(Object(CodeIgniter\HTTP\IncomingRequest), null)
 2 SYSTEMPATH\CodeIgniter.php(473): CodeIgniter\Filters\Filters->run('compra/comprobante/4', 'before')
 3 SYSTEMPATH\CodeIgniter.php(368): CodeIgniter\CodeIgniter->handleRequest(null, Object(Config\Cache), false)
 4 FCPATH\index.php(67): CodeIgniter\CodeIgniter->run()
INFO - 2024-06-14 14:46:47 --> Session: Class initialized using 'CodeIgniter\Session\Handlers\FileHandler' driver.
CRITICAL - 2024-06-14 14:46:47 --> Call to undefined method CodeIgniter\Session\Session::loggedIn()
in APPPATH\Filters\authComp.php on line 17.
 1 SYSTEMPATH\Filters\Filters.php(173): App\Filters\authComp->before(Object(CodeIgniter\HTTP\IncomingRequest), null)
 2 SYSTEMPATH\CodeIgniter.php(473): CodeIgniter\Filters\Filters->run('compra/comprobante/4', 'before')
 3 SYSTEMPATH\CodeIgniter.php(368): CodeIgniter\CodeIgniter->handleRequest(null, Object(Config\Cache), false)
 4 FCPATH\index.php(67): CodeIgniter\CodeIgniter->run()
INFO - 2024-06-14 14:47:39 --> Session: Class initialized using 'CodeIgniter\Session\Handlers\FileHandler' driver.
INFO - 2024-06-14 14:47:39 --> Session: Class initialized using 'CodeIgniter\Session\Handlers\FileHandler' driver.
INFO - 2024-06-14 14:49:52 --> Session: Class initialized using 'CodeIgniter\Session\Handlers\FileHandler' driver.
INFO - 2024-06-14 14:49:55 --> Session: Class initialized using 'CodeIgniter\Session\Handlers\FileHandler' driver.
INFO - 2024-06-14 14:49:55 --> Session: Class initialized using 'CodeIgniter\Session\Handlers\FileHandler' driver.
INFO - 2024-06-14 14:50:16 --> Session: Class initialized using 'CodeIgniter\Session\Handlers\FileHandler' driver.
INFO - 2024-06-14 14:50:38 --> Session: Class initialized using 'CodeIgniter\Session\Handlers\FileHandler' driver.
INFO - 2024-06-14 14:50:38 --> Session: Class initialized using 'CodeIgniter\Session\Handlers\FileHandler' driver.
INFO - 2024-06-14 14:53:15 --> Session: Class initialized using 'CodeIgniter\Session\Handlers\FileHandler' driver.
INFO - 2024-06-14 14:53:17 --> Session: Class initialized using 'CodeIgniter\Session\Handlers\FileHandler' driver.
INFO - 2024-06-14 14:53:21 --> Session: Class initialized using 'CodeIgniter\Session\Handlers\FileHandler' driver.
INFO - 2024-06-14 14:53:21 --> Session: Class initialized using 'CodeIgniter\Session\Handlers\FileHandler' driver.
INFO - 2024-06-14 14:53:53 --> Session: Class initialized using 'CodeIgniter\Session\Handlers\FileHandler' driver.
INFO - 2024-06-14 15:02:26 --> Session: Class initialized using 'CodeIgniter\Session\Handlers\FileHandler' driver.
INFO - 2024-06-14 15:02:26 --> Cart Class Initialized
INFO - 2024-06-14 15:02:34 --> Session: Class initialized using 'CodeIgniter\Session\Handlers\FileHandler' driver.
INFO - 2024-06-14 15:02:37 --> Session: Class initialized using 'CodeIgniter\Session\Handlers\FileHandler' driver.
INFO - 2024-06-14 15:02:39 --> Session: Class initialized using 'CodeIgniter\Session\Handlers\FileHandler' driver.
INFO - 2024-06-14 19:00:08 --> Session: Class initialized using 'CodeIgniter\Session\Handlers\FileHandler' driver.
INFO - 2024-06-14 19:00:11 --> Session: Class initialized using 'CodeIgniter\Session\Handlers\FileHandler' driver.
INFO - 2024-06-14 19:00:13 --> Session: Class initialized using 'CodeIgniter\Session\Handlers\FileHandler' driver.
INFO - 2024-06-14 19:00:14 --> Session: Class initialized using 'CodeIgniter\Session\Handlers\FileHandler' driver.
INFO - 2024-06-14 19:00:18 --> Session: Class initialized using 'CodeIgniter\Session\Handlers\FileHandler' driver.
INFO - 2024-06-14 19:00:20 --> Session: Class initialized using 'CodeIgniter\Session\Handlers\FileHandler' driver.
INFO - 2024-06-14 19:00:30 --> Session: Class initialized using 'CodeIgniter\Session\Handlers\FileHandler' driver.
INFO - 2024-06-14 19:00:30 --> Cart Class Initialized
INFO - 2024-06-14 19:00:31 --> Session: Class initialized using 'CodeIgniter\Session\Handlers\FileHandler' driver.
INFO - 2024-06-14 19:00:41 --> Session: Class initialized using 'CodeIgniter\Session\Handlers\FileHandler' driver.
INFO - 2024-06-14 19:00:41 --> Cart Class Initialized
INFO - 2024-06-14 19:01:00 --> Session: Class initialized using 'CodeIgniter\Session\Handlers\FileHandler' driver.
INFO - 2024-06-14 19:01:00 --> Cart Class Initialized
INFO - 2024-06-14 19:10:02 --> Session: Class initialized using 'CodeIgniter\Session\Handlers\FileHandler' driver.
INFO - 2024-06-14 19:10:08 --> Session: Class initialized using 'CodeIgniter\Session\Handlers\FileHandler' driver.
INFO - 2024-06-14 19:10:08 --> Session: Class initialized using 'CodeIgniter\Session\Handlers\FileHandler' driver.
INFO - 2024-06-14 19:10:10 --> Session: Class initialized using 'CodeIgniter\Session\Handlers\FileHandler' driver.
INFO - 2024-06-14 19:10:14 --> Session: Class initialized using 'CodeIgniter\Session\Handlers\FileHandler' driver.
INFO - 2024-06-14 19:10:15 --> Session: Class initialized using 'CodeIgniter\Session\Handlers\FileHandler' driver.
INFO - 2024-06-14 19:10:20 --> Session: Class initialized using 'CodeIgniter\Session\Handlers\FileHandler' driver.
INFO - 2024-06-14 19:10:25 --> Session: Class initialized using 'CodeIgniter\Session\Handlers\FileHandler' driver.
INFO - 2024-06-14 19:10:31 --> Session: Class initialized using 'CodeIgniter\Session\Handlers\FileHandler' driver.
INFO - 2024-06-14 19:12:18 --> Session: Class initialized using 'CodeIgniter\Session\Handlers\FileHandler' driver.
INFO - 2024-06-14 19:12:21 --> Session: Class initialized using 'CodeIgniter\Session\Handlers\FileHandler' driver.
CRITICAL - 2024-06-14 19:12:21 --> Undefined array key "cliente"
in APPPATH\Views\Pages\listadoventas.php on line 16.
 1 APPPATH\Views\Pages\listadoventas.php(16): CodeIgniter\Debug\Exceptions->errorHandler(2, 'Undefined array key "cliente"', 'APPPATH\\Views\\Pages\\listadoventas.php', 16)
 2 SYSTEMPATH\View\View.php(213): include('APPPATH\\Views\\Pages\\listadoventas.php')
 3 SYSTEMPATH\View\View.php(216): CodeIgniter\View\View->CodeIgniter\View\{closure}()
 4 SYSTEMPATH\Common.php(1184): CodeIgniter\View\View->render('Pages/listadoventas', [], true)
 5 APPPATH\Controllers\Orders.php(28): view('Pages/listadoventas', [...])
 6 SYSTEMPATH\CodeIgniter.php(934): App\Controllers\Orders->index()
 7 SYSTEMPATH\CodeIgniter.php(499): CodeIgniter\CodeIgniter->runController(Object(App\Controllers\Orders))
 8 SYSTEMPATH\CodeIgniter.php(368): CodeIgniter\CodeIgniter->handleRequest(null, Object(Config\Cache), false)
 9 FCPATH\index.php(67): CodeIgniter\CodeIgniter->run()
INFO - 2024-06-14 19:14:08 --> Session: Class initialized using 'CodeIgniter\Session\Handlers\FileHandler' driver.
INFO - 2024-06-14 19:15:57 --> Session: Class initialized using 'CodeIgniter\Session\Handlers\FileHandler' driver.
INFO - 2024-06-14 19:18:05 --> Session: Class initialized using 'CodeIgniter\Session\Handlers\FileHandler' driver.
INFO - 2024-06-14 19:18:50 --> Session: Class initialized using 'CodeIgniter\Session\Handlers\FileHandler' driver.
INFO - 2024-06-14 19:19:31 --> Session: Class initialized using 'CodeIgniter\Session\Handlers\FileHandler' driver.
INFO - 2024-06-14 19:19:37 --> Session: Class initialized using 'CodeIgniter\Session\Handlers\FileHandler' driver.
INFO - 2024-06-14 19:19:38 --> Session: Class initialized using 'CodeIgniter\Session\Handlers\FileHandler' driver.
INFO - 2024-06-14 19:19:43 --> Session: Class initialized using 'CodeIgniter\Session\Handlers\FileHandler' driver.
INFO - 2024-06-14 19:19:45 --> Session: Class initialized using 'CodeIgniter\Session\Handlers\FileHandler' driver.
INFO - 2024-06-14 19:19:58 --> Session: Class initialized using 'CodeIgniter\Session\Handlers\FileHandler' driver.
INFO - 2024-06-14 19:20:03 --> Session: Class initialized using 'CodeIgniter\Session\Handlers\FileHandler' driver.
INFO - 2024-06-14 19:20:03 --> Session: Class initialized using 'CodeIgniter\Session\Handlers\FileHandler' driver.
INFO - 2024-06-14 19:20:08 --> Session: Class initialized using 'CodeIgniter\Session\Handlers\FileHandler' driver.
INFO - 2024-06-14 19:20:13 --> Session: Class initialized using 'CodeIgniter\Session\Handlers\FileHandler' driver.
INFO - 2024-06-14 19:20:15 --> Session: Class initialized using 'CodeIgniter\Session\Handlers\FileHandler' driver.
INFO - 2024-06-14 19:20:16 --> Session: Class initialized using 'CodeIgniter\Session\Handlers\FileHandler' driver.
INFO - 2024-06-14 19:20:18 --> Session: Class initialized using 'CodeIgniter\Session\Handlers\FileHandler' driver.
INFO - 2024-06-14 19:20:20 --> Session: Class initialized using 'CodeIgniter\Session\Handlers\FileHandler' driver.
INFO - 2024-06-14 19:20:20 --> Session: Class initialized using 'CodeIgniter\Session\Handlers\FileHandler' driver.
INFO - 2024-06-14 19:20:25 --> Session: Class initialized using 'CodeIgniter\Session\Handlers\FileHandler' driver.
INFO - 2024-06-14 19:20:29 --> Session: Class initialized using 'CodeIgniter\Session\Handlers\FileHandler' driver.
INFO - 2024-06-14 19:21:05 --> Session: Class initialized using 'CodeIgniter\Session\Handlers\FileHandler' driver.
INFO - 2024-06-14 19:21:05 --> Cart Class Initialized
INFO - 2024-06-14 19:21:05 --> Session: Class initialized using 'CodeIgniter\Session\Handlers\FileHandler' driver.
INFO - 2024-06-14 19:21:18 --> Session: Class initialized using 'CodeIgniter\Session\Handlers\FileHandler' driver.
INFO - 2024-06-14 19:21:18 --> Cart Class Initialized
INFO - 2024-06-14 19:21:25 --> Session: Class initialized using 'CodeIgniter\Session\Handlers\FileHandler' driver.
INFO - 2024-06-14 19:21:25 --> Cart Class Initialized
INFO - 2024-06-14 19:21:25 --> Session: Class initialized using 'CodeIgniter\Session\Handlers\FileHandler' driver.
INFO - 2024-06-14 19:21:25 --> Cart Class Initialized
INFO - 2024-06-14 19:21:30 --> Session: Class initialized using 'CodeIgniter\Session\Handlers\FileHandler' driver.
INFO - 2024-06-14 19:21:30 --> Cart Class Initialized
INFO - 2024-06-14 19:22:05 --> Session: Class initialized using 'CodeIgniter\Session\Handlers\FileHandler' driver.
INFO - 2024-06-14 19:22:05 --> Cart Class Initialized
INFO - 2024-06-14 19:22:05 --> Session: Class initialized using 'CodeIgniter\Session\Handlers\FileHandler' driver.
INFO - 2024-06-14 19:22:05 --> Cart Class Initialized
INFO - 2024-06-14 19:22:25 --> Session: Class initialized using 'CodeIgniter\Session\Handlers\FileHandler' driver.
INFO - 2024-06-14 19:22:32 --> Session: Class initialized using 'CodeIgniter\Session\Handlers\FileHandler' driver.
INFO - 2024-06-14 19:22:32 --> Session: Class initialized using 'CodeIgniter\Session\Handlers\FileHandler' driver.
INFO - 2024-06-14 19:22:35 --> Session: Class initialized using 'CodeIgniter\Session\Handlers\FileHandler' driver.
INFO - 2024-06-14 19:22:39 --> Session: Class initialized using 'CodeIgniter\Session\Handlers\FileHandler' driver.
INFO - 2024-06-14 19:22:39 --> Session: Class initialized using 'CodeIgniter\Session\Handlers\FileHandler' driver.
INFO - 2024-06-14 19:22:44 --> Session: Class initialized using 'CodeIgniter\Session\Handlers\FileHandler' driver.
INFO - 2024-06-14 19:22:48 --> Session: Class initialized using 'CodeIgniter\Session\Handlers\FileHandler' driver.
INFO - 2024-06-14 19:22:54 --> Session: Class initialized using 'CodeIgniter\Session\Handlers\FileHandler' driver.
INFO - 2024-06-14 19:23:04 --> Session: Class initialized using 'CodeIgniter\Session\Handlers\FileHandler' driver.
INFO - 2024-06-14 19:23:23 --> Session: Class initialized using 'CodeIgniter\Session\Handlers\FileHandler' driver.
INFO - 2024-06-14 19:23:23 --> Session: Class initialized using 'CodeIgniter\Session\Handlers\FileHandler' driver.
INFO - 2024-06-14 19:23:28 --> Session: Class initialized using 'CodeIgniter\Session\Handlers\FileHandler' driver.
INFO - 2024-06-14 19:23:38 --> Session: Class initialized using 'CodeIgniter\Session\Handlers\FileHandler' driver.
INFO - 2024-06-14 19:23:40 --> Session: Class initialized using 'CodeIgniter\Session\Handlers\FileHandler' driver.
INFO - 2024-06-14 19:23:41 --> Session: Class initialized using 'CodeIgniter\Session\Handlers\FileHandler' driver.
INFO - 2024-06-14 19:23:44 --> Session: Class initialized using 'CodeIgniter\Session\Handlers\FileHandler' driver.
INFO - 2024-06-14 19:23:47 --> Session: Class initialized using 'CodeIgniter\Session\Handlers\FileHandler' driver.
INFO - 2024-06-14 19:23:48 --> Session: Class initialized using 'CodeIgniter\Session\Handlers\FileHandler' driver.
INFO - 2024-06-14 19:23:55 --> Session: Class initialized using 'CodeIgniter\Session\Handlers\FileHandler' driver.
INFO - 2024-06-14 19:24:11 --> Session: Class initialized using 'CodeIgniter\Session\Handlers\FileHandler' driver.
INFO - 2024-06-14 19:24:11 --> Session: Class initialized using 'CodeIgniter\Session\Handlers\FileHandler' driver.
INFO - 2024-06-14 19:24:15 --> Session: Class initialized using 'CodeIgniter\Session\Handlers\FileHandler' driver.
INFO - 2024-06-14 19:24:45 --> Session: Class initialized using 'CodeIgniter\Session\Handlers\FileHandler' driver.
INFO - 2024-06-14 19:24:45 --> Cart Class Initialized
INFO - 2024-06-14 19:24:53 --> Session: Class initialized using 'CodeIgniter\Session\Handlers\FileHandler' driver.
INFO - 2024-06-14 19:24:59 --> Session: Class initialized using 'CodeIgniter\Session\Handlers\FileHandler' driver.
INFO - 2024-06-14 19:46:32 --> Session: Class initialized using 'CodeIgniter\Session\Handlers\FileHandler' driver.
INFO - 2024-06-14 19:46:36 --> Session: Class initialized using 'CodeIgniter\Session\Handlers\FileHandler' driver.
INFO - 2024-06-14 19:46:37 --> Session: Class initialized using 'CodeIgniter\Session\Handlers\FileHandler' driver.
INFO - 2024-06-14 19:48:27 --> Session: Class initialized using 'CodeIgniter\Session\Handlers\FileHandler' driver.
INFO - 2024-06-14 19:48:29 --> Session: Class initialized using 'CodeIgniter\Session\Handlers\FileHandler' driver.
INFO - 2024-06-14 19:48:52 --> Session: Class initialized using 'CodeIgniter\Session\Handlers\FileHandler' driver.
INFO - 2024-06-14 19:49:56 --> Session: Class initialized using 'CodeIgniter\Session\Handlers\FileHandler' driver.
INFO - 2024-06-14 19:50:00 --> Session: Class initialized using 'CodeIgniter\Session\Handlers\FileHandler' driver.
INFO - 2024-06-14 19:50:01 --> Session: Class initialized using 'CodeIgniter\Session\Handlers\FileHandler' driver.
INFO - 2024-06-14 19:50:07 --> Session: Class initialized using 'CodeIgniter\Session\Handlers\FileHandler' driver.
INFO - 2024-06-14 19:51:04 --> Session: Class initialized using 'CodeIgniter\Session\Handlers\FileHandler' driver.
INFO - 2024-06-14 19:51:07 --> Session: Class initialized using 'CodeIgniter\Session\Handlers\FileHandler' driver.
INFO - 2024-06-14 19:51:14 --> Session: Class initialized using 'CodeIgniter\Session\Handlers\FileHandler' driver.
INFO - 2024-06-14 19:51:19 --> Session: Class initialized using 'CodeIgniter\Session\Handlers\FileHandler' driver.
INFO - 2024-06-14 19:51:28 --> Session: Class initialized using 'CodeIgniter\Session\Handlers\FileHandler' driver.
INFO - 2024-06-14 19:51:33 --> Session: Class initialized using 'CodeIgniter\Session\Handlers\FileHandler' driver.
INFO - 2024-06-14 19:51:42 --> Session: Class initialized using 'CodeIgniter\Session\Handlers\FileHandler' driver.
INFO - 2024-06-14 19:52:25 --> Session: Class initialized using 'CodeIgniter\Session\Handlers\FileHandler' driver.
INFO - 2024-06-14 19:53:17 --> Session: Class initialized using 'CodeIgniter\Session\Handlers\FileHandler' driver.
INFO - 2024-06-14 19:53:21 --> Session: Class initialized using 'CodeIgniter\Session\Handlers\FileHandler' driver.
INFO - 2024-06-14 19:53:21 --> Session: Class initialized using 'CodeIgniter\Session\Handlers\FileHandler' driver.
INFO - 2024-06-14 19:53:27 --> Session: Class initialized using 'CodeIgniter\Session\Handlers\FileHandler' driver.
INFO - 2024-06-14 19:53:30 --> Session: Class initialized using 'CodeIgniter\Session\Handlers\FileHandler' driver.
INFO - 2024-06-14 19:53:30 --> Session: Class initialized using 'CodeIgniter\Session\Handlers\FileHandler' driver.
INFO - 2024-06-14 19:53:32 --> Session: Class initialized using 'CodeIgniter\Session\Handlers\FileHandler' driver.
INFO - 2024-06-14 19:53:36 --> Session: Class initialized using 'CodeIgniter\Session\Handlers\FileHandler' driver.
INFO - 2024-06-14 19:53:37 --> Session: Class initialized using 'CodeIgniter\Session\Handlers\FileHandler' driver.
INFO - 2024-06-14 19:53:41 --> Session: Class initialized using 'CodeIgniter\Session\Handlers\FileHandler' driver.
INFO - 2024-06-14 19:53:58 --> Session: Class initialized using 'CodeIgniter\Session\Handlers\FileHandler' driver.
INFO - 2024-06-14 19:54:11 --> Session: Class initialized using 'CodeIgniter\Session\Handlers\FileHandler' driver.
INFO - 2024-06-14 19:54:28 --> Session: Class initialized using 'CodeIgniter\Session\Handlers\FileHandler' driver.
INFO - 2024-06-14 19:54:50 --> Session: Class initialized using 'CodeIgniter\Session\Handlers\FileHandler' driver.
INFO - 2024-06-14 19:55:05 --> Session: Class initialized using 'CodeIgniter\Session\Handlers\FileHandler' driver.
INFO - 2024-06-14 19:55:26 --> Session: Class initialized using 'CodeIgniter\Session\Handlers\FileHandler' driver.
INFO - 2024-06-14 19:55:28 --> Session: Class initialized using 'CodeIgniter\Session\Handlers\FileHandler' driver.
INFO - 2024-06-14 19:55:47 --> Session: Class initialized using 'CodeIgniter\Session\Handlers\FileHandler' driver.
CRITICAL - 2024-06-14 19:55:47 --> Invalid file: "Pages/listaenvios.php"
in SYSTEMPATH\Exceptions\FrameworkException.php on line 33.
 1 SYSTEMPATH\View\View.php(201): CodeIgniter\Exceptions\FrameworkException::forInvalidFile('Pages/listaenvios.php')
 2 SYSTEMPATH\Common.php(1184): CodeIgniter\View\View->render('Pages/listaenvios', [], true)
 3 APPPATH\Controllers\Envios.php(16): view('Pages/listaenvios', [...])
 4 SYSTEMPATH\CodeIgniter.php(934): App\Controllers\Envios->index()
 5 SYSTEMPATH\CodeIgniter.php(499): CodeIgniter\CodeIgniter->runController(Object(App\Controllers\Envios))
 6 SYSTEMPATH\CodeIgniter.php(368): CodeIgniter\CodeIgniter->handleRequest(null, Object(Config\Cache), false)
 7 FCPATH\index.php(67): CodeIgniter\CodeIgniter->run()
INFO - 2024-06-14 19:56:29 --> Session: Class initialized using 'CodeIgniter\Session\Handlers\FileHandler' driver.
INFO - 2024-06-14 20:01:09 --> Session: Class initialized using 'CodeIgniter\Session\Handlers\FileHandler' driver.
INFO - 2024-06-14 20:05:15 --> Session: Class initialized using 'CodeIgniter\Session\Handlers\FileHandler' driver.
INFO - 2024-06-14 20:10:13 --> Session: Class initialized using 'CodeIgniter\Session\Handlers\FileHandler' driver.
INFO - 2024-06-14 20:10:30 --> Session: Class initialized using 'CodeIgniter\Session\Handlers\FileHandler' driver.
INFO - 2024-06-14 20:10:33 --> Session: Class initialized using 'CodeIgniter\Session\Handlers\FileHandler' driver.
INFO - 2024-06-14 20:10:33 --> Cart Class Initialized
INFO - 2024-06-14 20:10:38 --> Session: Class initialized using 'CodeIgniter\Session\Handlers\FileHandler' driver.
INFO - 2024-06-14 20:11:18 --> Session: Class initialized using 'CodeIgniter\Session\Handlers\FileHandler' driver.
INFO - 2024-06-14 20:11:54 --> Session: Class initialized using 'CodeIgniter\Session\Handlers\FileHandler' driver.
INFO - 2024-06-14 20:11:55 --> Session: Class initialized using 'CodeIgniter\Session\Handlers\FileHandler' driver.
INFO - 2024-06-14 20:12:00 --> Session: Class initialized using 'CodeIgniter\Session\Handlers\FileHandler' driver.
INFO - 2024-06-14 20:12:29 --> Session: Class initialized using 'CodeIgniter\Session\Handlers\FileHandler' driver.
INFO - 2024-06-14 20:12:32 --> Session: Class initialized using 'CodeIgniter\Session\Handlers\FileHandler' driver.
INFO - 2024-06-14 20:12:39 --> Session: Class initialized using 'CodeIgniter\Session\Handlers\FileHandler' driver.
INFO - 2024-06-14 20:12:44 --> Session: Class initialized using 'CodeIgniter\Session\Handlers\FileHandler' driver.
INFO - 2024-06-14 20:12:46 --> Session: Class initialized using 'CodeIgniter\Session\Handlers\FileHandler' driver.
INFO - 2024-06-14 20:12:47 --> Session: Class initialized using 'CodeIgniter\Session\Handlers\FileHandler' driver.
INFO - 2024-06-14 20:12:54 --> Session: Class initialized using 'CodeIgniter\Session\Handlers\FileHandler' driver.
INFO - 2024-06-14 20:14:12 --> Session: Class initialized using 'CodeIgniter\Session\Handlers\FileHandler' driver.
INFO - 2024-06-14 20:14:59 --> Session: Class initialized using 'CodeIgniter\Session\Handlers\FileHandler' driver.
INFO - 2024-06-14 20:15:12 --> Session: Class initialized using 'CodeIgniter\Session\Handlers\FileHandler' driver.
INFO - 2024-06-14 20:15:17 --> Session: Class initialized using 'CodeIgniter\Session\Handlers\FileHandler' driver.
INFO - 2024-06-14 20:15:17 --> Session: Class initialized using 'CodeIgniter\Session\Handlers\FileHandler' driver.
INFO - 2024-06-14 20:15:21 --> Session: Class initialized using 'CodeIgniter\Session\Handlers\FileHandler' driver.
INFO - 2024-06-14 20:15:29 --> Session: Class initialized using 'CodeIgniter\Session\Handlers\FileHandler' driver.
INFO - 2024-06-14 20:15:30 --> Session: Class initialized using 'CodeIgniter\Session\Handlers\FileHandler' driver.
INFO - 2024-06-14 21:46:30 --> Session: Class initialized using 'CodeIgniter\Session\Handlers\FileHandler' driver.
INFO - 2024-06-14 21:46:52 --> Session: Class initialized using 'CodeIgniter\Session\Handlers\FileHandler' driver.
INFO - 2024-06-14 21:46:57 --> Session: Class initialized using 'CodeIgniter\Session\Handlers\FileHandler' driver.
INFO - 2024-06-14 21:47:00 --> Session: Class initialized using 'CodeIgniter\Session\Handlers\FileHandler' driver.
INFO - 2024-06-14 21:47:01 --> Session: Class initialized using 'CodeIgniter\Session\Handlers\FileHandler' driver.
INFO - 2024-06-14 21:47:03 --> Session: Class initialized using 'CodeIgniter\Session\Handlers\FileHandler' driver.
INFO - 2024-06-14 21:47:05 --> Session: Class initialized using 'CodeIgniter\Session\Handlers\FileHandler' driver.
INFO - 2024-06-14 21:47:06 --> Session: Class initialized using 'CodeIgniter\Session\Handlers\FileHandler' driver.
INFO - 2024-06-14 21:47:10 --> Session: Class initialized using 'CodeIgniter\Session\Handlers\FileHandler' driver.
INFO - 2024-06-14 21:47:13 --> Session: Class initialized using 'CodeIgniter\Session\Handlers\FileHandler' driver.
INFO - 2024-06-14 21:47:13 --> Session: Class initialized using 'CodeIgniter\Session\Handlers\FileHandler' driver.
INFO - 2024-06-14 21:47:16 --> Session: Class initialized using 'CodeIgniter\Session\Handlers\FileHandler' driver.
INFO - 2024-06-14 21:47:22 --> Session: Class initialized using 'CodeIgniter\Session\Handlers\FileHandler' driver.
INFO - 2024-06-14 21:47:23 --> Session: Class initialized using 'CodeIgniter\Session\Handlers\FileHandler' driver.
INFO - 2024-06-14 21:47:32 --> Session: Class initialized using 'CodeIgniter\Session\Handlers\FileHandler' driver.
INFO - 2024-06-14 21:47:35 --> Session: Class initialized using 'CodeIgniter\Session\Handlers\FileHandler' driver.
INFO - 2024-06-14 21:49:30 --> Session: Class initialized using 'CodeIgniter\Session\Handlers\FileHandler' driver.
INFO - 2024-06-14 21:49:39 --> Session: Class initialized using 'CodeIgniter\Session\Handlers\FileHandler' driver.
INFO - 2024-06-14 21:49:41 --> Session: Class initialized using 'CodeIgniter\Session\Handlers\FileHandler' driver.
INFO - 2024-06-14 21:49:42 --> Session: Class initialized using 'CodeIgniter\Session\Handlers\FileHandler' driver.
INFO - 2024-06-14 21:49:47 --> Session: Class initialized using 'CodeIgniter\Session\Handlers\FileHandler' driver.
INFO - 2024-06-14 21:49:50 --> Session: Class initialized using 'CodeIgniter\Session\Handlers\FileHandler' driver.
INFO - 2024-06-14 21:49:58 --> Session: Class initialized using 'CodeIgniter\Session\Handlers\FileHandler' driver.
INFO - 2024-06-14 21:50:00 --> Session: Class initialized using 'CodeIgniter\Session\Handlers\FileHandler' driver.
INFO - 2024-06-14 21:50:01 --> Session: Class initialized using 'CodeIgniter\Session\Handlers\FileHandler' driver.
INFO - 2024-06-14 21:51:18 --> Session: Class initialized using 'CodeIgniter\Session\Handlers\FileHandler' driver.
INFO - 2024-06-14 21:51:22 --> Session: Class initialized using 'CodeIgniter\Session\Handlers\FileHandler' driver.
INFO - 2024-06-14 21:51:22 --> Session: Class initialized using 'CodeIgniter\Session\Handlers\FileHandler' driver.
INFO - 2024-06-14 21:51:27 --> Session: Class initialized using 'CodeIgniter\Session\Handlers\FileHandler' driver.
INFO - 2024-06-14 21:52:14 --> Session: Class initialized using 'CodeIgniter\Session\Handlers\FileHandler' driver.
INFO - 2024-06-14 21:52:16 --> Session: Class initialized using 'CodeIgniter\Session\Handlers\FileHandler' driver.
INFO - 2024-06-14 21:52:16 --> Session: Class initialized using 'CodeIgniter\Session\Handlers\FileHandler' driver.
INFO - 2024-06-14 21:52:44 --> Session: Class initialized using 'CodeIgniter\Session\Handlers\FileHandler' driver.
INFO - 2024-06-14 21:53:33 --> Session: Class initialized using 'CodeIgniter\Session\Handlers\FileHandler' driver.
INFO - 2024-06-14 21:53:41 --> Session: Class initialized using 'CodeIgniter\Session\Handlers\FileHandler' driver.
INFO - 2024-06-14 21:53:44 --> Session: Class initialized using 'CodeIgniter\Session\Handlers\FileHandler' driver.
INFO - 2024-06-14 21:54:46 --> Session: Class initialized using 'CodeIgniter\Session\Handlers\FileHandler' driver.
INFO - 2024-06-14 21:54:54 --> Session: Class initialized using 'CodeIgniter\Session\Handlers\FileHandler' driver.
INFO - 2024-06-14 21:54:57 --> Session: Class initialized using 'CodeIgniter\Session\Handlers\FileHandler' driver.
INFO - 2024-06-14 21:58:40 --> Session: Class initialized using 'CodeIgniter\Session\Handlers\FileHandler' driver.
INFO - 2024-06-14 21:58:48 --> Session: Class initialized using 'CodeIgniter\Session\Handlers\FileHandler' driver.
INFO - 2024-06-14 21:58:48 --> Session: Class initialized using 'CodeIgniter\Session\Handlers\FileHandler' driver.
INFO - 2024-06-14 22:00:35 --> Session: Class initialized using 'CodeIgniter\Session\Handlers\FileHandler' driver.
INFO - 2024-06-14 22:00:35 --> Session: Class initialized using 'CodeIgniter\Session\Handlers\FileHandler' driver.
INFO - 2024-06-14 22:00:41 --> Session: Class initialized using 'CodeIgniter\Session\Handlers\FileHandler' driver.
INFO - 2024-06-14 22:00:43 --> Session: Class initialized using 'CodeIgniter\Session\Handlers\FileHandler' driver.
INFO - 2024-06-14 22:00:44 --> Session: Class initialized using 'CodeIgniter\Session\Handlers\FileHandler' driver.
INFO - 2024-06-14 22:00:54 --> Session: Class initialized using 'CodeIgniter\Session\Handlers\FileHandler' driver.
INFO - 2024-06-14 22:00:55 --> Session: Class initialized using 'CodeIgniter\Session\Handlers\FileHandler' driver.
INFO - 2024-06-14 22:00:58 --> Session: Class initialized using 'CodeIgniter\Session\Handlers\FileHandler' driver.
